Using pre-set license
Built from '2020.3/staging' branch; Version is '2020.3.14f1 (d0d1bb862f9d) revision 13685179'; Using compiler version '192528614'; Build Type 'Release'
OS: 'Windows 10 Home China; OS build 19042.1526; Version 2009; 64bit' Language: 'zh' Physical Memory: 32173 MB
BatchMode: 1, IsHumanControllingUs: 0, StartBugReporterOnCrash: 0, Is64bit: 1, IsPro: 0

 COMMAND LINE ARGUMENTS:
E:\2020.3.14f1\Editor\Unity.exe
-adb2
-batchMode
-noUpm
-name
AssetImportWorker0
-projectPath
C:/Users/ASUS/Blue4
-logFile
Logs/AssetImportWorker0.log
-srvPort
50492
Successfully changed project path to: C:/Users/ASUS/Blue4
C:/Users/ASUS/Blue4
Using Asset Import Pipeline V2.
Refreshing native plugins compatible for Editor in 50.50 ms, found 2 plugins.
Preloading 0 native plugins for Editor in 0.00 ms.
Initialize engine version: 2020.3.14f1 (d0d1bb862f9d)
[Subsystems] Discovering subsystems at path E:/2020.3.14f1/Editor/Data/Resources/UnitySubsystems
[Subsystems] Discovering subsystems at path C:/Users/ASUS/Blue4/Assets
GfxDevice: creating device client; threaded=0
Direct3D:
    Version:  Direct3D 11.0 [level 11.1]
    Renderer: NVIDIA GeForce RTX 2060 (ID=0x1f15)
    Vendor:   
    VRAM:     5980 MB
    Driver:   30.0.14.9649
Initialize mono
Mono path[0] = 'E:/2020.3.14f1/Editor/Data/Managed'
Mono path[1] = 'E:/2020.3.14f1/Editor/Data/MonoBleedingEdge/lib/mono/unityjit'
Mono config path = 'E:/2020.3.14f1/Editor/Data/MonoBleedingEdge/etc'
Using monoOptions --debugger-agent=transport=dt_socket,embedding=1,server=y,suspend=n,address=127.0.0.1:56484
Begin MonoManager ReloadAssembly
Registering precompiled unity dll's ...
Register platform support module: E:/2020.3.14f1/Editor/Data/PlaybackEngines/WindowsStandaloneSupport/UnityEditor.WindowsStandalone.Extensions.dll
Registered in 0.000978 seconds.
Native extension for WindowsStandalone target not found
Refreshing native plugins compatible for Editor in 48.70 ms, found 2 plugins.
Preloading 0 native plugins for Editor in 0.00 ms.
Mono: successfully reloaded assembly
- Completed reload, in  0.939 seconds
Domain Reload Profiling:
	ReloadAssembly (940ms)
		BeginReloadAssembly (54ms)
			ExecutionOrderSort (0ms)
			DisableScriptedObjects (0ms)
			BackupInstance (0ms)
			ReleaseScriptingObjects (0ms)
			CreateAndSetChildDomain (1ms)
		EndReloadAssembly (365ms)
			LoadAssemblies (54ms)
			RebuildTransferFunctionScriptingTraits (0ms)
			SetupTypeCache (122ms)
			ReleaseScriptCaches (0ms)
			RebuildScriptCaches (29ms)
			SetupLoadedEditorAssemblies (153ms)
				LogAssemblyErrors (0ms)
				InitializePlatformSupportModulesInManaged (3ms)
				SetLoadedEditorAssemblies (0ms)
				RefreshPlugins (49ms)
				BeforeProcessingInitializeOnLoad (9ms)
				ProcessInitializeOnLoadAttributes (68ms)
				ProcessInitializeOnLoadMethodAttributes (24ms)
				AfterProcessingInitializeOnLoad (0ms)
				EditorAssembliesLoaded (0ms)
			ExecutionOrderSort2 (0ms)
			AwakeInstancesAfterBackupRestoration (0ms)
Platform modules already initialized, skipping
Registering precompiled user dll's ...
Registered in 0.008015 seconds.
Begin MonoManager ReloadAssembly
Native extension for WindowsStandalone target not found
Refreshing native plugins compatible for Editor in 0.55 ms, found 2 plugins.
Preloading 0 native plugins for Editor in 0.00 ms.
Mono: successfully reloaded assembly
- Completed reload, in  0.862 seconds
Domain Reload Profiling:
	ReloadAssembly (863ms)
		BeginReloadAssembly (132ms)
			ExecutionOrderSort (0ms)
			DisableScriptedObjects (4ms)
			BackupInstance (0ms)
			ReleaseScriptingObjects (0ms)
			CreateAndSetChildDomain (17ms)
		EndReloadAssembly (678ms)
			LoadAssemblies (88ms)
			RebuildTransferFunctionScriptingTraits (0ms)
			SetupTypeCache (227ms)
			ReleaseScriptCaches (0ms)
			RebuildScriptCaches (38ms)
			SetupLoadedEditorAssemblies (259ms)
				LogAssemblyErrors (0ms)
				InitializePlatformSupportModulesInManaged (4ms)
				SetLoadedEditorAssemblies (0ms)
				RefreshPlugins (1ms)
				BeforeProcessingInitializeOnLoad (88ms)
				ProcessInitializeOnLoadAttributes (161ms)
				ProcessInitializeOnLoadMethodAttributes (4ms)
				AfterProcessingInitializeOnLoad (2ms)
				EditorAssembliesLoaded (0ms)
			ExecutionOrderSort2 (0ms)
			AwakeInstancesAfterBackupRestoration (5ms)
Platform modules already initialized, skipping
========================================================================
Worker process is ready to serve import requests
Launched and connected shader compiler UnityShaderCompiler.exe after 0.05 seconds
Refreshing native plugins compatible for Editor in 0.60 ms, found 2 plugins.
Preloading 0 native plugins for Editor in 0.00 ms.
Unloading 1545 Unused Serialized files (Serialized files now loaded: 0)
System memory in use before: 122.1 MB.
System memory in use after: 121.7 MB.

Unloading 21 unused Assets to reduce memory usage. Loaded Objects now: 1995.
Total: 3.047400 ms (FindLiveObjects: 0.171700 ms CreateObjectMapping: 0.032900 ms MarkObjects: 2.545700 ms  DeleteObjects: 0.295900 ms)

AssetImportParameters requested are different than current active one (requested -> active):
  custom:framework-win-MediaFoundation: 216162199b28c13a410421893ffa2e32 -> 
  custom:video-decoder-ogg-theora: a1e56fd34408186e4bbccfd4996cb3dc -> 
  custom:container-muxer-webm: aa71ff27fc2769a1b78a27578f13a17b -> 
  custom:container-demuxer-webm: 4f35f7cbe854078d1ac9338744f61a02 -> 
  custom:container-demuxer-ogg: 62fdf1f143b41e24485cea50d1cbac27 -> 
  custom:video-encoder-webm-vp8: eb34c28f22e8b96e1ab97ce403110664 -> 
  custom:video-codec-MediaFoundation-h265: 746d11721c4dcdbdad8f713fa42b33f4 -> 
  custom:video-decoder-webm-vp8: 9c59270c3fd7afecdb556c50c9e8de78 -> 
  custom:audio-decoder-ogg-vorbis: bf7c407c2cedff20999df2af8eb42d56 -> 
  custom:audio-encoder-webm-vorbis: bf7c407c2cedff20999df2af8eb42d56 -> 
========================================================================
Received Import Request.
  path: Assets/Materials/Materials for Battle
  artifactKey: Guid(6c4adf23101021847aefd9f98dfea261) Importer(815301076,1909f56bfc062723c751e8b465ee728b)
Start importing Assets/Materials/Materials for Battle using Guid(6c4adf23101021847aefd9f98dfea261) Importer(815301076,1909f56bfc062723c751e8b465ee728b)  -> (artifact id: '36dc07c97e17adabc55d31e2cae96142') in 0.010275 seconds 
  Import took 0.012741 seconds .

========================================================================
Received Import Request.
  Time since last request: 23.066041 seconds.
  path: Assets/Materials/Materials for Battle/Ground.mat
  artifactKey: Guid(439f7510a7433c049ac3158153973892) Importer(815301076,1909f56bfc062723c751e8b465ee728b)
Start importing Assets/Materials/Materials for Battle/Ground.mat using Guid(439f7510a7433c049ac3158153973892) Importer(815301076,1909f56bfc062723c751e8b465ee728b)  -> (artifact id: '17c3a7703439e0910e19b284ca416f4b') in 0.164621 seconds 
  Import took 0.167498 seconds .

========================================================================
Received Prepare
Registering precompiled user dll's ...
Registered in 0.009937 seconds.
Begin MonoManager ReloadAssembly
Native extension for WindowsStandalone target not found
Refreshing native plugins compatible for Editor in 1.12 ms, found 2 plugins.
Preloading 0 native plugins for Editor in 0.00 ms.
Mono: successfully reloaded assembly
- Completed reload, in  1.314 seconds
Domain Reload Profiling:
	ReloadAssembly (1314ms)
		BeginReloadAssembly (166ms)
			ExecutionOrderSort (0ms)
			DisableScriptedObjects (5ms)
			BackupInstance (0ms)
			ReleaseScriptingObjects (0ms)
			CreateAndSetChildDomain (44ms)
		EndReloadAssembly (1075ms)
			LoadAssemblies (134ms)
			RebuildTransferFunctionScriptingTraits (0ms)
			SetupTypeCache (407ms)
			ReleaseScriptCaches (1ms)
			RebuildScriptCaches (50ms)
			SetupLoadedEditorAssemblies (389ms)
				LogAssemblyErrors (0ms)
				InitializePlatformSupportModulesInManaged (7ms)
				SetLoadedEditorAssemblies (1ms)
				RefreshPlugins (1ms)
				BeforeProcessingInitializeOnLoad (138ms)
				ProcessInitializeOnLoadAttributes (233ms)
				ProcessInitializeOnLoadMethodAttributes (5ms)
				AfterProcessingInitializeOnLoad (3ms)
				EditorAssembliesLoaded (0ms)
			ExecutionOrderSort2 (0ms)
			AwakeInstancesAfterBackupRestoration (9ms)
Platform modules already initialized, skipping
Refreshing native plugins compatible for Editor in 1.86 ms, found 2 plugins.
Preloading 0 native plugins for Editor in 0.00 ms.
Unloading 1501 Unused Serialized files (Serialized files now loaded: 0)
System memory in use before: 121.2 MB.
System memory in use after: 120.9 MB.

Unloading 16 unused Assets to reduce memory usage. Loaded Objects now: 2038.
Total: 4.164800 ms (FindLiveObjects: 0.256700 ms CreateObjectMapping: 0.051500 ms MarkObjects: 3.216200 ms  DeleteObjects: 0.638200 ms)

AssetImportParameters requested are different than current active one (requested -> active):
  custom:framework-win-MediaFoundation: 216162199b28c13a410421893ffa2e32 -> 
  custom:video-decoder-ogg-theora: a1e56fd34408186e4bbccfd4996cb3dc -> 
  custom:container-muxer-webm: aa71ff27fc2769a1b78a27578f13a17b -> 
  custom:container-demuxer-webm: 4f35f7cbe854078d1ac9338744f61a02 -> 
  custom:container-demuxer-ogg: 62fdf1f143b41e24485cea50d1cbac27 -> 
  custom:video-encoder-webm-vp8: eb34c28f22e8b96e1ab97ce403110664 -> 
  custom:video-codec-MediaFoundation-h265: 746d11721c4dcdbdad8f713fa42b33f4 -> 
  custom:video-decoder-webm-vp8: 9c59270c3fd7afecdb556c50c9e8de78 -> 
  custom:audio-decoder-ogg-vorbis: bf7c407c2cedff20999df2af8eb42d56 -> 
  custom:audio-encoder-webm-vorbis: bf7c407c2cedff20999df2af8eb42d56 -> 
========================================================================
Received Import Request.
  Time since last request: 2070.708467 seconds.
  path: Assets/Standard Assets/Environment/SpeedTree/Conifer/Conifer_Desktop.spm
  artifactKey: Guid(469edab27ab6d004d84af2c4a851bd7f) Importer(815301076,1909f56bfc062723c751e8b465ee728b)
Start importing Assets/Standard Assets/Environment/SpeedTree/Conifer/Conifer_Desktop.spm using Guid(469edab27ab6d004d84af2c4a851bd7f) Importer(815301076,1909f56bfc062723c751e8b465ee728b)  -> (artifact id: 'f010024a71d6186d96638a216902ad1f') in 0.706790 seconds 
  Import took 0.710212 seconds .

========================================================================
Received Import Request.
  Time since last request: 0.000296 seconds.
  path: Assets/Standard Assets/Environment/SpeedTree/Conifer/ConiferBark_Normal.tga
  artifactKey: Guid(2b46b029d8dc37049aebb484e79998ff) Importer(815301076,1909f56bfc062723c751e8b465ee728b)
Start importing Assets/Standard Assets/Environment/SpeedTree/Conifer/ConiferBark_Normal.tga using Guid(2b46b029d8dc37049aebb484e79998ff) Importer(815301076,1909f56bfc062723c751e8b465ee728b)  -> (artifact id: 'dae692f5359a70b60defb2bd7dbb48c1') in 0.022383 seconds 
  Import took 0.024822 seconds .

========================================================================
Received Import Request.
  Time since last request: 0.000196 seconds.
  path: Assets/Standard Assets/Environment/SpeedTree/Conifer/Conifer_Desktop_Atlas.tga
  artifactKey: Guid(ea9799c461d3f6e4eb0be2264829282d) Importer(815301076,1909f56bfc062723c751e8b465ee728b)
Start importing Assets/Standard Assets/Environment/SpeedTree/Conifer/Conifer_Desktop_Atlas.tga using Guid(ea9799c461d3f6e4eb0be2264829282d) Importer(815301076,1909f56bfc062723c751e8b465ee728b)  -> (artifact id: 'bcfaf7af8b8fd219baf44efc87473df9') in 0.016942 seconds 
  Import took 0.019365 seconds .

========================================================================
Received Import Request.
  Time since last request: 0.000200 seconds.
  path: Assets/Standard Assets/Environment/SpeedTree/Conifer/ConiferBark.tga
  artifactKey: Guid(9654cfdd87d7daf429b8931c28d7a93c) Importer(815301076,1909f56bfc062723c751e8b465ee728b)
Start importing Assets/Standard Assets/Environment/SpeedTree/Conifer/ConiferBark.tga using Guid(9654cfdd87d7daf429b8931c28d7a93c) Importer(815301076,1909f56bfc062723c751e8b465ee728b)  -> (artifact id: '2903aba216dba34962af04bc650d44b8') in 0.016391 seconds 
  Import took 0.018938 seconds .

========================================================================
Received Import Request.
  Time since last request: 0.000310 seconds.
  path: Assets/Standard Assets/Environment/SpeedTree/Conifer/Conifer_Desktop_Atlas_Billboards.tga
  artifactKey: Guid(612b65e0cd1576e4bbba0516d756a99d) Importer(815301076,1909f56bfc062723c751e8b465ee728b)
Start importing Assets/Standard Assets/Environment/SpeedTree/Conifer/Conifer_Desktop_Atlas_Billboards.tga using Guid(612b65e0cd1576e4bbba0516d756a99d) Importer(815301076,1909f56bfc062723c751e8b465ee728b)  -> (artifact id: '1f67ee433407da2705258433c97e9836') in 0.020220 seconds 
  Import took 0.022715 seconds .

========================================================================
Received Import Request.
  Time since last request: 0.000254 seconds.
  path: Assets/Standard Assets/Environment/SpeedTree/Conifer/Thumb_Conifer_Desktop.jpg
  artifactKey: Guid(1fbc4e410d66d804aaf31b4c25b16ffc) Importer(815301076,1909f56bfc062723c751e8b465ee728b)
Start importing Assets/Standard Assets/Environment/SpeedTree/Conifer/Thumb_Conifer_Desktop.jpg using Guid(1fbc4e410d66d804aaf31b4c25b16ffc) Importer(815301076,1909f56bfc062723c751e8b465ee728b)  -> (artifact id: 'fe783770b27acff7c2a487ed446981df') in 0.028325 seconds 
  Import took 0.030918 seconds .

========================================================================
Received Import Request.
  Time since last request: 0.000258 seconds.
  path: Assets/Standard Assets/Environment/SpeedTree/Conifer/Conifer_Desktop_Atlas_Normal.tga
  artifactKey: Guid(855926cb3532dc14c87b1e6d589334b2) Importer(815301076,1909f56bfc062723c751e8b465ee728b)
Start importing Assets/Standard Assets/Environment/SpeedTree/Conifer/Conifer_Desktop_Atlas_Normal.tga using Guid(855926cb3532dc14c87b1e6d589334b2) Importer(815301076,1909f56bfc062723c751e8b465ee728b)  -> (artifact id: '63cb5c787ead6936dcca6a980447a27c') in 0.013738 seconds 
  Import took 0.016165 seconds .

========================================================================
Received Import Request.
  Time since last request: 0.000231 seconds.
  path: Assets/Standard Assets/Environment/SpeedTree/Conifer/Conifer_Needles_Dekstop_Spec.tga
  artifactKey: Guid(897461e3c2fa9d84d8bd48bf1b00a950) Importer(815301076,1909f56bfc062723c751e8b465ee728b)
Start importing Assets/Standard Assets/Environment/SpeedTree/Conifer/Conifer_Needles_Dekstop_Spec.tga using Guid(897461e3c2fa9d84d8bd48bf1b00a950) Importer(815301076,1909f56bfc062723c751e8b465ee728b)  -> (artifact id: '4ff3c807bf71baaa3da9ff4d41e55f0f') in 0.018828 seconds 
  Import took 0.021366 seconds .

========================================================================
Received Import Request.
  Time since last request: 0.000237 seconds.
  path: Assets/Standard Assets/Environment/SpeedTree/Conifer/Conifer_Needles_Desktop_Normal.tga
  artifactKey: Guid(ab89d7e9dbd9462458ecef029ee60f6e) Importer(815301076,1909f56bfc062723c751e8b465ee728b)
Start importing Assets/Standard Assets/Environment/SpeedTree/Conifer/Conifer_Needles_Desktop_Normal.tga using Guid(ab89d7e9dbd9462458ecef029ee60f6e) Importer(815301076,1909f56bfc062723c751e8b465ee728b)  -> (artifact id: '780ff94fe17855ac91b1d8327f18b3ab') in 0.019051 seconds 
  Import took 0.022354 seconds .

========================================================================
Received Import Request.
  Time since last request: 0.000208 seconds.
  path: Assets/Standard Assets/Environment/SpeedTree/Palm/PalmFrond_Normal.tga
  artifactKey: Guid(c4a7fc95fd5ac3942b8e85ec6c60a1fa) Importer(815301076,1909f56bfc062723c751e8b465ee728b)
Start importing Assets/Standard Assets/Environment/SpeedTree/Palm/PalmFrond_Normal.tga using Guid(c4a7fc95fd5ac3942b8e85ec6c60a1fa) Importer(815301076,1909f56bfc062723c751e8b465ee728b)  -> (artifact id: 'e3f9c64fa922fada17b33168398ee65e') in 0.031320 seconds 
  Import took 0.034250 seconds .

========================================================================
Received Import Request.
  Time since last request: 0.000249 seconds.
  path: Assets/Standard Assets/Environment/SpeedTree/Palm/PalmFrond.tga
  artifactKey: Guid(b87734d3c84dd1c43bd931282e470145) Importer(815301076,1909f56bfc062723c751e8b465ee728b)
Start importing Assets/Standard Assets/Environment/SpeedTree/Palm/PalmFrond.tga using Guid(b87734d3c84dd1c43bd931282e470145) Importer(815301076,1909f56bfc062723c751e8b465ee728b)  -> (artifact id: '6a340772a81b34e3d903febec8798bf0') in 0.019573 seconds 
  Import took 0.022093 seconds .

========================================================================
Received Import Request.
  Time since last request: 0.000231 seconds.
  path: Assets/Standard Assets/Environment/SpeedTree/Palm/Palm_Desktop_Atlas_Billboards.tga
  artifactKey: Guid(a9c35d1eec67849419bd87d162ba90a7) Importer(815301076,1909f56bfc062723c751e8b465ee728b)
Start importing Assets/Standard Assets/Environment/SpeedTree/Palm/Palm_Desktop_Atlas_Billboards.tga using Guid(a9c35d1eec67849419bd87d162ba90a7) Importer(815301076,1909f56bfc062723c751e8b465ee728b)  -> (artifact id: '30ce08f2c5dffffd09c4ae6789f1794d') in 0.019672 seconds 
  Import took 0.022168 seconds .

========================================================================
Received Import Request.
  Time since last request: 0.000279 seconds.
  path: Assets/Standard Assets/Environment/SpeedTree/Palm/PalmBark_Detail_Normal.tga
  artifactKey: Guid(bf4c945c1f5a9b74bb15ab0c7f238617) Importer(815301076,1909f56bfc062723c751e8b465ee728b)
Start importing Assets/Standard Assets/Environment/SpeedTree/Palm/PalmBark_Detail_Normal.tga using Guid(bf4c945c1f5a9b74bb15ab0c7f238617) Importer(815301076,1909f56bfc062723c751e8b465ee728b)  -> (artifact id: '23f081582c880f80a9b301e1b18348e4') in 0.019679 seconds 
  Import took 0.022081 seconds .

========================================================================
Received Import Request.
  Time since last request: 0.000225 seconds.
  path: Assets/Standard Assets/Environment/SpeedTree/Palm/Thumb_Palm_Desktop.jpg
  artifactKey: Guid(a6e42589b1029ec4d962f422f92e554a) Importer(815301076,1909f56bfc062723c751e8b465ee728b)
Start importing Assets/Standard Assets/Environment/SpeedTree/Palm/Thumb_Palm_Desktop.jpg using Guid(a6e42589b1029ec4d962f422f92e554a) Importer(815301076,1909f56bfc062723c751e8b465ee728b)  -> (artifact id: '3ec32105fe1108a2574481e5c48cfdc1') in 0.017378 seconds 
  Import took 0.019983 seconds .

========================================================================
Received Import Request.
  Time since last request: 0.000193 seconds.
  path: Assets/Standard Assets/Environment/SpeedTree/Palm/Palm_Desktop.spm
  artifactKey: Guid(d027af1092f6b434090f040565e7e656) Importer(815301076,1909f56bfc062723c751e8b465ee728b)
Start importing Assets/Standard Assets/Environment/SpeedTree/Palm/Palm_Desktop.spm using Guid(d027af1092f6b434090f040565e7e656) Importer(815301076,1909f56bfc062723c751e8b465ee728b)  -> (artifact id: 'de1f1f856d339a91cbbfc1d241c0259d') in 0.131870 seconds 
  Import took 0.134680 seconds .

========================================================================
Received Import Request.
  Time since last request: 0.000242 seconds.
  path: Assets/Standard Assets/Environment/SpeedTree/Palm/PalmFrond_Spec.tga
  artifactKey: Guid(3e27d9cfd3a59af4ebdf7444f6f57620) Importer(815301076,1909f56bfc062723c751e8b465ee728b)
Start importing Assets/Standard Assets/Environment/SpeedTree/Palm/PalmFrond_Spec.tga using Guid(3e27d9cfd3a59af4ebdf7444f6f57620) Importer(815301076,1909f56bfc062723c751e8b465ee728b)  -> (artifact id: '31672588d5bcfdb62767a1bad51d087d') in 0.017745 seconds 
  Import took 0.020255 seconds .

========================================================================
Received Import Request.
  Time since last request: 0.000193 seconds.
  path: Assets/Standard Assets/Environment/SpeedTree/Palm/Palm_Desktop_Atlas_Normal.tga
  artifactKey: Guid(20c65bc5a7d28f54c9ca69569d77706d) Importer(815301076,1909f56bfc062723c751e8b465ee728b)
Start importing Assets/Standard Assets/Environment/SpeedTree/Palm/Palm_Desktop_Atlas_Normal.tga using Guid(20c65bc5a7d28f54c9ca69569d77706d) Importer(815301076,1909f56bfc062723c751e8b465ee728b)  -> (artifact id: 'f4553b32aca5a0fec0ac69188d72e07c') in 0.013229 seconds 
  Import took 0.015487 seconds .

========================================================================
Received Import Request.
  Time since last request: 0.000186 seconds.
  path: Assets/Standard Assets/Environment/SpeedTree/Palm/Palm_Desktop_Atlas_Specular.tga
  artifactKey: Guid(6af82a665aaf44c41874a383a4225c48) Importer(815301076,1909f56bfc062723c751e8b465ee728b)
Start importing Assets/Standard Assets/Environment/SpeedTree/Palm/Palm_Desktop_Atlas_Specular.tga using Guid(6af82a665aaf44c41874a383a4225c48) Importer(815301076,1909f56bfc062723c751e8b465ee728b)  -> (artifact id: '293b99fe29332dcde930e7c4ef6375de') in 0.018516 seconds 
  Import took 0.021031 seconds .

========================================================================
Received Import Request.
  Time since last request: 0.000236 seconds.
  path: Assets/Standard Assets/Environment/SpeedTree/Palm/Palm_Desktop_Atlas.tga
  artifactKey: Guid(03a71764f1184704c9a74acb7490450e) Importer(815301076,1909f56bfc062723c751e8b465ee728b)
Start importing Assets/Standard Assets/Environment/SpeedTree/Palm/Palm_Desktop_Atlas.tga using Guid(03a71764f1184704c9a74acb7490450e) Importer(815301076,1909f56bfc062723c751e8b465ee728b)  -> (artifact id: '358a167abda05eedde2fa7f775c9e92e') in 0.012971 seconds 
  Import took 0.015388 seconds .

========================================================================
Received Import Request.
  Time since last request: 0.000229 seconds.
  path: Assets/Standard Assets/Environment/SpeedTree/Palm/PalmBark_Normal.tga
  artifactKey: Guid(f15241bc5a839ea46bf857431081d715) Importer(815301076,1909f56bfc062723c751e8b465ee728b)
Start importing Assets/Standard Assets/Environment/SpeedTree/Palm/PalmBark_Normal.tga using Guid(f15241bc5a839ea46bf857431081d715) Importer(815301076,1909f56bfc062723c751e8b465ee728b)  -> (artifact id: '90846fa61f40e278bfc1333f40374189') in 0.011178 seconds 
  Import took 0.013681 seconds .

========================================================================
Received Import Request.
  Time since last request: 0.000219 seconds.
  path: Assets/Standard Assets/Environment/SpeedTree/Palm/PalmBark_Detail.tga
  artifactKey: Guid(4d6c994b9ad45b847bc67ec5f857fc78) Importer(815301076,1909f56bfc062723c751e8b465ee728b)
Start importing Assets/Standard Assets/Environment/SpeedTree/Palm/PalmBark_Detail.tga using Guid(4d6c994b9ad45b847bc67ec5f857fc78) Importer(815301076,1909f56bfc062723c751e8b465ee728b)  -> (artifact id: '3be2fe7997fae4e57e6eb3c0dc343629') in 0.012194 seconds 
  Import took 0.014837 seconds .

========================================================================
Received Import Request.
  Time since last request: 0.000242 seconds.
  path: Assets/Standard Assets/Environment/SpeedTree/Conifer/Conifer_Desktop_Atlas_Specular.tga
  artifactKey: Guid(41232aac50fb25a40b390906295f9aa6) Importer(815301076,1909f56bfc062723c751e8b465ee728b)
Start importing Assets/Standard Assets/Environment/SpeedTree/Conifer/Conifer_Desktop_Atlas_Specular.tga using Guid(41232aac50fb25a40b390906295f9aa6) Importer(815301076,1909f56bfc062723c751e8b465ee728b)  -> (artifact id: 'e1b41700bc2cb7281787a6e5b5023feb') in 0.018366 seconds 
  Import took 0.020851 seconds .

========================================================================
Received Import Request.
  Time since last request: 0.000274 seconds.
  path: Assets/Standard Assets/Environment/SpeedTree/Palm/Palm_Desktop_Atlas_Billboards_Normal.tga
  artifactKey: Guid(bf8162ab40cfad34cac743bdc2939f99) Importer(815301076,1909f56bfc062723c751e8b465ee728b)
Start importing Assets/Standard Assets/Environment/SpeedTree/Palm/Palm_Desktop_Atlas_Billboards_Normal.tga using Guid(bf8162ab40cfad34cac743bdc2939f99) Importer(815301076,1909f56bfc062723c751e8b465ee728b)  -> (artifact id: '6203be98a2c713eae01154bbc71e2a2e') in 0.012567 seconds 
  Import took 0.015425 seconds .

========================================================================
Received Import Request.
  Time since last request: 0.000225 seconds.
  path: Assets/Standard Assets/Environment/SpeedTree/Conifer/Conifer_Desktop_Atlas_Billboards_Normal.tga
  artifactKey: Guid(6c2afc8a038f69f4aa35c25dcd94fd55) Importer(815301076,1909f56bfc062723c751e8b465ee728b)
Start importing Assets/Standard Assets/Environment/SpeedTree/Conifer/Conifer_Desktop_Atlas_Billboards_Normal.tga using Guid(6c2afc8a038f69f4aa35c25dcd94fd55) Importer(815301076,1909f56bfc062723c751e8b465ee728b)  -> (artifact id: '41a451342331c09d6c7fa60a1a90adb5') in 0.013417 seconds 
  Import took 0.016300 seconds .

========================================================================
Received Import Request.
  Time since last request: 0.000193 seconds.
  path: Assets/Standard Assets/Environment/SpeedTree/Conifer/Conifer_Needles_Desktop.tga
  artifactKey: Guid(34d2758af9e0a2b4690fbcfcad0285d6) Importer(815301076,1909f56bfc062723c751e8b465ee728b)
Start importing Assets/Standard Assets/Environment/SpeedTree/Conifer/Conifer_Needles_Desktop.tga using Guid(34d2758af9e0a2b4690fbcfcad0285d6) Importer(815301076,1909f56bfc062723c751e8b465ee728b)  -> (artifact id: '4187d04e13fd28989b6c6628d9f04883') in 0.016933 seconds 
  Import took 0.019956 seconds .

========================================================================
Received Import Request.
  Time since last request: 0.000190 seconds.
  path: Assets/Standard Assets/Environment/SpeedTree/Palm/PalmBark.tga
  artifactKey: Guid(dd49a2ed5943a014e8d933ff5381281a) Importer(815301076,1909f56bfc062723c751e8b465ee728b)
Start importing Assets/Standard Assets/Environment/SpeedTree/Palm/PalmBark.tga using Guid(dd49a2ed5943a014e8d933ff5381281a) Importer(815301076,1909f56bfc062723c751e8b465ee728b)  -> (artifact id: 'a4cfb8b6eb66fc3bbc53bc32fbeab31c') in 0.010917 seconds 
  Import took 0.013474 seconds .

========================================================================
Received Prepare
Registering precompiled user dll's ...
Registered in 0.006764 seconds.
Begin MonoManager ReloadAssembly
Native extension for WindowsStandalone target not found
Refreshing native plugins compatible for Editor in 0.56 ms, found 2 plugins.
Preloading 0 native plugins for Editor in 0.00 ms.
Mono: successfully reloaded assembly
- Completed reload, in  0.800 seconds
Domain Reload Profiling:
	ReloadAssembly (800ms)
		BeginReloadAssembly (106ms)
			ExecutionOrderSort (0ms)
			DisableScriptedObjects (4ms)
			BackupInstance (0ms)
			ReleaseScriptingObjects (0ms)
			CreateAndSetChildDomain (28ms)
		EndReloadAssembly (644ms)
			LoadAssemblies (93ms)
			RebuildTransferFunctionScriptingTraits (0ms)
			SetupTypeCache (217ms)
			ReleaseScriptCaches (1ms)
			RebuildScriptCaches (32ms)
			SetupLoadedEditorAssemblies (233ms)
				LogAssemblyErrors (0ms)
				InitializePlatformSupportModulesInManaged (4ms)
				SetLoadedEditorAssemblies (0ms)
				RefreshPlugins (1ms)
				BeforeProcessingInitializeOnLoad (81ms)
				ProcessInitializeOnLoadAttributes (142ms)
				ProcessInitializeOnLoadMethodAttributes (3ms)
				AfterProcessingInitializeOnLoad (2ms)
				EditorAssembliesLoaded (0ms)
			ExecutionOrderSort2 (0ms)
			AwakeInstancesAfterBackupRestoration (7ms)
Platform modules already initialized, skipping
Refreshing native plugins compatible for Editor in 0.64 ms, found 2 plugins.
Preloading 0 native plugins for Editor in 0.00 ms.
Unloading 1501 Unused Serialized files (Serialized files now loaded: 0)
System memory in use before: 121.6 MB.
System memory in use after: 121.3 MB.

Unloading 17 unused Assets to reduce memory usage. Loaded Objects now: 2050.
Total: 2.333700 ms (FindLiveObjects: 0.231000 ms CreateObjectMapping: 0.033400 ms MarkObjects: 1.750100 ms  DeleteObjects: 0.317800 ms)

AssetImportParameters requested are different than current active one (requested -> active):
  custom:framework-win-MediaFoundation: 216162199b28c13a410421893ffa2e32 -> 
  custom:video-decoder-ogg-theora: a1e56fd34408186e4bbccfd4996cb3dc -> 
  custom:container-muxer-webm: aa71ff27fc2769a1b78a27578f13a17b -> 
  custom:container-demuxer-webm: 4f35f7cbe854078d1ac9338744f61a02 -> 
  custom:container-demuxer-ogg: 62fdf1f143b41e24485cea50d1cbac27 -> 
  custom:video-encoder-webm-vp8: eb34c28f22e8b96e1ab97ce403110664 -> 
  custom:video-codec-MediaFoundation-h265: 746d11721c4dcdbdad8f713fa42b33f4 -> 
  custom:video-decoder-webm-vp8: 9c59270c3fd7afecdb556c50c9e8de78 -> 
  custom:audio-decoder-ogg-vorbis: bf7c407c2cedff20999df2af8eb42d56 -> 
  custom:audio-encoder-webm-vorbis: bf7c407c2cedff20999df2af8eb42d56 -> 
========================================================================
Received Import Request.
  Time since last request: 4290.124583 seconds.
  path: Assets/Stylized Lava Materials/Lava01/M_Lava01.mat
  artifactKey: Guid(196a83e4fac7a644ebc189706f6c2082) Importer(815301076,1909f56bfc062723c751e8b465ee728b)
Start importing Assets/Stylized Lava Materials/Lava01/M_Lava01.mat using Guid(196a83e4fac7a644ebc189706f6c2082) Importer(815301076,1909f56bfc062723c751e8b465ee728b)  -> (artifact id: 'ae56a7b73e51c0d97e8bab58a68910cc') in 0.286017 seconds 
  Import took 0.289385 seconds .

========================================================================
Received Import Request.
  Time since last request: 0.000216 seconds.
  path: Assets/Stylized Lava Materials/Lava01/T_Lava01_metallic.png
  artifactKey: Guid(9be07e88bf304ab4b8ec2efeab744e75) Importer(815301076,1909f56bfc062723c751e8b465ee728b)
Start importing Assets/Stylized Lava Materials/Lava01/T_Lava01_metallic.png using Guid(9be07e88bf304ab4b8ec2efeab744e75) Importer(815301076,1909f56bfc062723c751e8b465ee728b)  -> (artifact id: 'b8cbac4a80778c5331deaa541c736a22') in 0.022505 seconds 
  Import took 0.024984 seconds .

========================================================================
Received Import Request.
  Time since last request: 0.000221 seconds.
  path: Assets/Stylized Lava Materials/Lava01/T_Lava01_ao.png
  artifactKey: Guid(7385f77603e598042988b50728804452) Importer(815301076,1909f56bfc062723c751e8b465ee728b)
Start importing Assets/Stylized Lava Materials/Lava01/T_Lava01_ao.png using Guid(7385f77603e598042988b50728804452) Importer(815301076,1909f56bfc062723c751e8b465ee728b)  -> (artifact id: '9999290e6ea0eeb53b359a6c3b665a23') in 0.016125 seconds 
  Import took 0.018891 seconds .

========================================================================
Received Import Request.
  Time since last request: 0.000190 seconds.
  path: Assets/Stylized Lava Materials/Lava01/T_Lava01_emissive.png
  artifactKey: Guid(82e1f644fb8e5504393566f67abc8f19) Importer(815301076,1909f56bfc062723c751e8b465ee728b)
Start importing Assets/Stylized Lava Materials/Lava01/T_Lava01_emissive.png using Guid(82e1f644fb8e5504393566f67abc8f19) Importer(815301076,1909f56bfc062723c751e8b465ee728b)  -> (artifact id: '1f0d176507e89c7c4cc45931c49d28f8') in 0.014490 seconds 
  Import took 0.017196 seconds .

========================================================================
Received Import Request.
  Time since last request: 0.000187 seconds.
  path: Assets/Stylized Lava Materials/Lava01/M_Lava01_Variant01.mat
  artifactKey: Guid(505fbbba9c5a99a4ba162ef4ee7c5736) Importer(815301076,1909f56bfc062723c751e8b465ee728b)
Start importing Assets/Stylized Lava Materials/Lava01/M_Lava01_Variant01.mat using Guid(505fbbba9c5a99a4ba162ef4ee7c5736) Importer(815301076,1909f56bfc062723c751e8b465ee728b)  -> (artifact id: '880d335b61b5995528e7ce5a004f99ef') in 0.111705 seconds 
  Import took 0.114962 seconds .

========================================================================
Received Import Request.
  Time since last request: 0.000219 seconds.
  path: Assets/Stylized Lava Materials/Lava01/T_Lava01_basecolor.png
  artifactKey: Guid(d11561a80694bd64f9b27f8577d16fbf) Importer(815301076,1909f56bfc062723c751e8b465ee728b)
Start importing Assets/Stylized Lava Materials/Lava01/T_Lava01_basecolor.png using Guid(d11561a80694bd64f9b27f8577d16fbf) Importer(815301076,1909f56bfc062723c751e8b465ee728b)  -> (artifact id: '26873d34be00bbbbb1e32f44fbb83af4') in 0.014976 seconds 
  Import took 0.017871 seconds .

========================================================================
Received Import Request.
  Time since last request: 0.000210 seconds.
  path: Assets/Stylized Lava Materials/Lava01/T_Lava01_height.png
  artifactKey: Guid(36c47b94cf58c1946b7412fa62d86076) Importer(815301076,1909f56bfc062723c751e8b465ee728b)
Start importing Assets/Stylized Lava Materials/Lava01/T_Lava01_height.png using Guid(36c47b94cf58c1946b7412fa62d86076) Importer(815301076,1909f56bfc062723c751e8b465ee728b)  -> (artifact id: '7370b059d89b4e22ae309c60c62eae74') in 0.013791 seconds 
  Import took 0.016771 seconds .

========================================================================
Received Import Request.
  Time since last request: 0.000262 seconds.
  path: Assets/Stylized Lava Materials/Lava01/T_Lava01_normal.png
  artifactKey: Guid(680e77cf49a6fae4dbb07ba51303bb6f) Importer(815301076,1909f56bfc062723c751e8b465ee728b)
Start importing Assets/Stylized Lava Materials/Lava01/T_Lava01_normal.png using Guid(680e77cf49a6fae4dbb07ba51303bb6f) Importer(815301076,1909f56bfc062723c751e8b465ee728b)  -> (artifact id: 'a4c50347454efa57a685e6e07d96079d') in 0.014655 seconds 
  Import took 0.017182 seconds .

========================================================================
Received Import Request.
  Time since last request: 2.304520 seconds.
  path: Assets/Stylized Lava Materials/Lava02/M_Lava02.mat
  artifactKey: Guid(9a526ccb9696d6545b3991e93bfb18bd) Importer(815301076,1909f56bfc062723c751e8b465ee728b)
Start importing Assets/Stylized Lava Materials/Lava02/M_Lava02.mat using Guid(9a526ccb9696d6545b3991e93bfb18bd) Importer(815301076,1909f56bfc062723c751e8b465ee728b)  -> (artifact id: 'da0ea61be5900f4ba4bf06870b60a0d8') in 0.020981 seconds 
  Import took 0.023438 seconds .

========================================================================
Received Import Request.
  Time since last request: 0.000249 seconds.
  path: Assets/Stylized Lava Materials/Lava02/T_Lava02_emissive.png
  artifactKey: Guid(5e1b3fdd9823e0849bd594e8c5f87f08) Importer(815301076,1909f56bfc062723c751e8b465ee728b)
Start importing Assets/Stylized Lava Materials/Lava02/T_Lava02_emissive.png using Guid(5e1b3fdd9823e0849bd594e8c5f87f08) Importer(815301076,1909f56bfc062723c751e8b465ee728b)  -> (artifact id: 'c51bb1ad5db0d2262b7171bdd17ada9d') in 0.012800 seconds 
  Import took 0.015008 seconds .

========================================================================
Received Import Request.
  Time since last request: 0.000266 seconds.
  path: Assets/Stylized Lava Materials/Lava02/T_Lava02_height.png
  artifactKey: Guid(372cb625b210c8947b9fb99adc83e72a) Importer(815301076,1909f56bfc062723c751e8b465ee728b)
Start importing Assets/Stylized Lava Materials/Lava02/T_Lava02_height.png using Guid(372cb625b210c8947b9fb99adc83e72a) Importer(815301076,1909f56bfc062723c751e8b465ee728b)  -> (artifact id: '682a6344b0dc0067a805721e82892fca') in 0.013096 seconds 
  Import took 0.015521 seconds .

========================================================================
Received Import Request.
  Time since last request: 0.000203 seconds.
  path: Assets/Stylized Lava Materials/Lava02/T_Lava02_normal.png
  artifactKey: Guid(71610f3bc62fcfc4bb04f413e778e1d3) Importer(815301076,1909f56bfc062723c751e8b465ee728b)
Start importing Assets/Stylized Lava Materials/Lava02/T_Lava02_normal.png using Guid(71610f3bc62fcfc4bb04f413e778e1d3) Importer(815301076,1909f56bfc062723c751e8b465ee728b)  -> (artifact id: 'dfd92550c2ebace37aea4736697210eb') in 0.014467 seconds 
  Import took 0.017270 seconds .

========================================================================
Received Import Request.
  Time since last request: 0.000219 seconds.
  path: Assets/Stylized Lava Materials/Lava02/T_Lava02_basecolor.png
  artifactKey: Guid(c0cfa846b033b0c4c9c81856f53a734b) Importer(815301076,1909f56bfc062723c751e8b465ee728b)
Start importing Assets/Stylized Lava Materials/Lava02/T_Lava02_basecolor.png using Guid(c0cfa846b033b0c4c9c81856f53a734b) Importer(815301076,1909f56bfc062723c751e8b465ee728b)  -> (artifact id: '41886607a03b0f1de4aec99d1aca2a3d') in 0.012325 seconds 
  Import took 0.014895 seconds .

========================================================================
Received Import Request.
  Time since last request: 0.000218 seconds.
  path: Assets/Stylized Lava Materials/Lava02/T_Lava02_metallic.png
  artifactKey: Guid(87e60f60a1c94754780876b2c361f945) Importer(815301076,1909f56bfc062723c751e8b465ee728b)
Start importing Assets/Stylized Lava Materials/Lava02/T_Lava02_metallic.png using Guid(87e60f60a1c94754780876b2c361f945) Importer(815301076,1909f56bfc062723c751e8b465ee728b)  -> (artifact id: '996e51c9a90557d715d3088b8adcfc94') in 0.012455 seconds 
  Import took 0.014901 seconds .

========================================================================
Received Import Request.
  Time since last request: 4.247682 seconds.
  path: Assets/Stylized Lava Materials/Lava03/M_Lava03.mat
  artifactKey: Guid(299166cc9328e484ba27f7c6c60bcc79) Importer(815301076,1909f56bfc062723c751e8b465ee728b)
Start importing Assets/Stylized Lava Materials/Lava03/M_Lava03.mat using Guid(299166cc9328e484ba27f7c6c60bcc79) Importer(815301076,1909f56bfc062723c751e8b465ee728b)  -> (artifact id: '03fa4ea439632ab12846da53b6d3c4a9') in 0.033800 seconds 
  Import took 0.036916 seconds .

========================================================================
Received Import Request.
  Time since last request: 0.000277 seconds.
  path: Assets/Stylized Lava Materials/Lava03/T_Lava03_metallic.png
  artifactKey: Guid(b45c16963ac761d4cac39a870f8efe1d) Importer(815301076,1909f56bfc062723c751e8b465ee728b)
Start importing Assets/Stylized Lava Materials/Lava03/T_Lava03_metallic.png using Guid(b45c16963ac761d4cac39a870f8efe1d) Importer(815301076,1909f56bfc062723c751e8b465ee728b)  -> (artifact id: 'd3a8c8202427835766db51bbdd8e4a53') in 0.017591 seconds 
  Import took 0.019964 seconds .

========================================================================
Received Import Request.
  Time since last request: 0.000303 seconds.
  path: Assets/Stylized Lava Materials/Lava03/T_Lava03_basecolor.png
  artifactKey: Guid(4921777c11d0755449b584725d342e2f) Importer(815301076,1909f56bfc062723c751e8b465ee728b)
Start importing Assets/Stylized Lava Materials/Lava03/T_Lava03_basecolor.png using Guid(4921777c11d0755449b584725d342e2f) Importer(815301076,1909f56bfc062723c751e8b465ee728b)  -> (artifact id: '46564dc29689a8e76bed086bf4ddb682') in 0.017177 seconds 
  Import took 0.020726 seconds .

========================================================================
Received Import Request.
  Time since last request: 0.000273 seconds.
  path: Assets/Stylized Lava Materials/Lava03/T_Lava03_normal.png
  artifactKey: Guid(6e88dfd7ec5417847a311c53434d14dd) Importer(815301076,1909f56bfc062723c751e8b465ee728b)
Start importing Assets/Stylized Lava Materials/Lava03/T_Lava03_normal.png using Guid(6e88dfd7ec5417847a311c53434d14dd) Importer(815301076,1909f56bfc062723c751e8b465ee728b)  -> (artifact id: '09170ecc197a92385b4e325457f8d396') in 0.016293 seconds 
  Import took 0.018462 seconds .

========================================================================
Received Import Request.
  Time since last request: 0.000275 seconds.
  path: Assets/Stylized Lava Materials/Lava03/T_Lava03_height.png
  artifactKey: Guid(ebe988e0fae69904da7059b5c9f618c9) Importer(815301076,1909f56bfc062723c751e8b465ee728b)
Start importing Assets/Stylized Lava Materials/Lava03/T_Lava03_height.png using Guid(ebe988e0fae69904da7059b5c9f618c9) Importer(815301076,1909f56bfc062723c751e8b465ee728b)  -> (artifact id: '215549c8940121e7981b26053caa75de') in 0.015135 seconds 
  Import took 0.017384 seconds .

========================================================================
Received Import Request.
  Time since last request: 0.000222 seconds.
  path: Assets/Stylized Lava Materials/Lava03/T_Lava03_emissive.png
  artifactKey: Guid(f17b304801f7c1d47aaa274463ac04ee) Importer(815301076,1909f56bfc062723c751e8b465ee728b)
Start importing Assets/Stylized Lava Materials/Lava03/T_Lava03_emissive.png using Guid(f17b304801f7c1d47aaa274463ac04ee) Importer(815301076,1909f56bfc062723c751e8b465ee728b)  -> (artifact id: '3fae04c0d3f332bc52ec01b1f6863ffb') in 0.021505 seconds 
  Import took 0.024144 seconds .

========================================================================
Received Import Request.
  Time since last request: 0.337985 seconds.
  path: Assets/Stylized Lava Materials/Lava04/M_Lava04.mat
  artifactKey: Guid(530bb4bbf64f6a8498aac9f9a1644e3e) Importer(815301076,1909f56bfc062723c751e8b465ee728b)
Start importing Assets/Stylized Lava Materials/Lava04/M_Lava04.mat using Guid(530bb4bbf64f6a8498aac9f9a1644e3e) Importer(815301076,1909f56bfc062723c751e8b465ee728b)  -> (artifact id: 'e5941a45b3309349fa55c713a8ffbf02') in 0.022047 seconds 
  Import took 0.025000 seconds .

========================================================================
Received Import Request.
  Time since last request: 0.000284 seconds.
  path: Assets/Stylized Lava Materials/Lava04/T_Lava04_normal.png
  artifactKey: Guid(4b17f1284a150504d9421155d6de7e7e) Importer(815301076,1909f56bfc062723c751e8b465ee728b)
Start importing Assets/Stylized Lava Materials/Lava04/T_Lava04_normal.png using Guid(4b17f1284a150504d9421155d6de7e7e) Importer(815301076,1909f56bfc062723c751e8b465ee728b)  -> (artifact id: '153bdc539ceefc202b47b9750a4b47a1') in 0.012029 seconds 
  Import took 0.014337 seconds .

========================================================================
Received Import Request.
  Time since last request: 0.000268 seconds.
  path: Assets/Stylized Lava Materials/Lava04/T_Lava04_metallic.png
  artifactKey: Guid(1b0eddcd97673004da417fffdd79781b) Importer(815301076,1909f56bfc062723c751e8b465ee728b)
Start importing Assets/Stylized Lava Materials/Lava04/T_Lava04_metallic.png using Guid(1b0eddcd97673004da417fffdd79781b) Importer(815301076,1909f56bfc062723c751e8b465ee728b)  -> (artifact id: '116143aed1c848111855c7891d5723d9') in 0.012287 seconds 
  Import took 0.014451 seconds .

========================================================================
Received Import Request.
  Time since last request: 0.000275 seconds.
  path: Assets/Stylized Lava Materials/Lava04/T_Lava04_height.png
  artifactKey: Guid(b940bed1b2c911144989312eb54a61a1) Importer(815301076,1909f56bfc062723c751e8b465ee728b)
Start importing Assets/Stylized Lava Materials/Lava04/T_Lava04_height.png using Guid(b940bed1b2c911144989312eb54a61a1) Importer(815301076,1909f56bfc062723c751e8b465ee728b)  -> (artifact id: '1010a71ee838daf32a55e169ef1e42b7') in 0.010604 seconds 
  Import took 0.012789 seconds .

========================================================================
Received Import Request.
  Time since last request: 0.000221 seconds.
  path: Assets/Stylized Lava Materials/Lava04/T_Lava04_basecolor.png
  artifactKey: Guid(8f675aa6c312b9b4ca5a685c881fc761) Importer(815301076,1909f56bfc062723c751e8b465ee728b)
Start importing Assets/Stylized Lava Materials/Lava04/T_Lava04_basecolor.png using Guid(8f675aa6c312b9b4ca5a685c881fc761) Importer(815301076,1909f56bfc062723c751e8b465ee728b)  -> (artifact id: '840c743d25ac1b76f6fadf91a5acfd93') in 0.011496 seconds 
  Import took 0.013759 seconds .

========================================================================
Received Import Request.
  Time since last request: 0.574621 seconds.
  path: Assets/Stylized Lava Materials/Lava05/M_Lava05.mat
  artifactKey: Guid(7ba8162d09542e34b9a72bb543447494) Importer(815301076,1909f56bfc062723c751e8b465ee728b)
Start importing Assets/Stylized Lava Materials/Lava05/M_Lava05.mat using Guid(7ba8162d09542e34b9a72bb543447494) Importer(815301076,1909f56bfc062723c751e8b465ee728b)  -> (artifact id: '8b426a785e77500384323fd010375b83') in 0.022906 seconds 
  Import took 0.025747 seconds .

========================================================================
Received Import Request.
  Time since last request: 0.000334 seconds.
  path: Assets/Stylized Lava Materials/Lava05/T_Lava0_normal.png
  artifactKey: Guid(14f8a22873eaa76469848d6c6030641b) Importer(815301076,1909f56bfc062723c751e8b465ee728b)
Start importing Assets/Stylized Lava Materials/Lava05/T_Lava0_normal.png using Guid(14f8a22873eaa76469848d6c6030641b) Importer(815301076,1909f56bfc062723c751e8b465ee728b)  -> (artifact id: '7a48dabd7c6f0587d8e934df1bc43e5d') in 0.013316 seconds 
  Import took 0.016410 seconds .

========================================================================
Received Import Request.
  Time since last request: 0.000230 seconds.
  path: Assets/Stylized Lava Materials/Lava05/T_Lava0_height.png
  artifactKey: Guid(c8a685e066a200d4f9f1c49279c41617) Importer(815301076,1909f56bfc062723c751e8b465ee728b)
Start importing Assets/Stylized Lava Materials/Lava05/T_Lava0_height.png using Guid(c8a685e066a200d4f9f1c49279c41617) Importer(815301076,1909f56bfc062723c751e8b465ee728b)  -> (artifact id: '3e243e70553e95f96ac7bc3828fcc7d9') in 0.011990 seconds 
  Import took 0.014233 seconds .

========================================================================
Received Import Request.
  Time since last request: 0.000270 seconds.
  path: Assets/Stylized Lava Materials/Lava05/T_Lava0_basecolor.png
  artifactKey: Guid(091eb83e1f36425438bc51ecc5b2e952) Importer(815301076,1909f56bfc062723c751e8b465ee728b)
Start importing Assets/Stylized Lava Materials/Lava05/T_Lava0_basecolor.png using Guid(091eb83e1f36425438bc51ecc5b2e952) Importer(815301076,1909f56bfc062723c751e8b465ee728b)  -> (artifact id: '70c2eed666a6ab277832237c6217543c') in 0.011348 seconds 
  Import took 0.013652 seconds .

========================================================================
Received Import Request.
  Time since last request: 0.000259 seconds.
  path: Assets/Stylized Lava Materials/Lava05/T_Lava0_metallic.png
  artifactKey: Guid(a33cf7e1fa3e43149898e2f4762ad1b9) Importer(815301076,1909f56bfc062723c751e8b465ee728b)
Start importing Assets/Stylized Lava Materials/Lava05/T_Lava0_metallic.png using Guid(a33cf7e1fa3e43149898e2f4762ad1b9) Importer(815301076,1909f56bfc062723c751e8b465ee728b)  -> (artifact id: 'acd1c87f3536d46b76ebb3bb2e9970d1') in 0.011903 seconds 
  Import took 0.014100 seconds .

========================================================================
Received Import Request.
  Time since last request: 320.801855 seconds.
  path: Assets/Lowpoly Style/Desert/Prefabs/AgaveHigh.prefab
  artifactKey: Guid(fa5cb7927e928254fa0ab07e9f1815cd) Importer(815301076,1909f56bfc062723c751e8b465ee728b)
Start importing Assets/Lowpoly Style/Desert/Prefabs/AgaveHigh.prefab using Guid(fa5cb7927e928254fa0ab07e9f1815cd) Importer(815301076,1909f56bfc062723c751e8b465ee728b)  -> (artifact id: 'e401412ad6d7e64086ff159d2d310540') in 0.036240 seconds 
  Import took 0.039336 seconds .

========================================================================
Received Import Request.
  Time since last request: 0.000231 seconds.
  path: Assets/Lowpoly Style/Desert/Prefabs/Bench1.prefab
  artifactKey: Guid(6e1de5a6b19941d45b4f7fd330e7e766) Importer(815301076,1909f56bfc062723c751e8b465ee728b)
Start importing Assets/Lowpoly Style/Desert/Prefabs/Bench1.prefab using Guid(6e1de5a6b19941d45b4f7fd330e7e766) Importer(815301076,1909f56bfc062723c751e8b465ee728b)  -> (artifact id: 'c025256b435c546eb20bdf1248534a8d') in 0.022739 seconds 
  Import took 0.025158 seconds .

========================================================================
Received Import Request.
  Time since last request: 0.000248 seconds.
  path: Assets/Lowpoly Style/Desert/Prefabs/CookingPot.prefab
  artifactKey: Guid(63e18030c30a42b46bcb811695eeb6bb) Importer(815301076,1909f56bfc062723c751e8b465ee728b)
Start importing Assets/Lowpoly Style/Desert/Prefabs/CookingPot.prefab using Guid(63e18030c30a42b46bcb811695eeb6bb) Importer(815301076,1909f56bfc062723c751e8b465ee728b)  -> (artifact id: '3ec402da203b8b9bc63c2607dc5cd5a2') in 0.022562 seconds 
  Import took 0.025019 seconds .

========================================================================
Received Import Request.
  Time since last request: 0.000245 seconds.
  path: Assets/Lowpoly Style/Desert/Prefabs/House1.prefab
  artifactKey: Guid(2d1b68dab7390584b92a89130dfe1173) Importer(815301076,1909f56bfc062723c751e8b465ee728b)
Start importing Assets/Lowpoly Style/Desert/Prefabs/House1.prefab using Guid(2d1b68dab7390584b92a89130dfe1173) Importer(815301076,1909f56bfc062723c751e8b465ee728b)  -> (artifact id: '457b6e704b0ec833c3f73386659be2c8') in 0.023964 seconds 
  Import took 0.026713 seconds .

========================================================================
Received Import Request.
  Time since last request: 0.000199 seconds.
  path: Assets/Lowpoly Style/Desert/Prefabs/OldWall2.prefab
  artifactKey: Guid(e43c5b775bf206f4c9cd943f86683472) Importer(815301076,1909f56bfc062723c751e8b465ee728b)
Start importing Assets/Lowpoly Style/Desert/Prefabs/OldWall2.prefab using Guid(e43c5b775bf206f4c9cd943f86683472) Importer(815301076,1909f56bfc062723c751e8b465ee728b)  -> (artifact id: '7218a3338b7772d822b74bca363a4200') in 0.021716 seconds 
  Import took 0.024136 seconds .

========================================================================
Received Import Request.
  Time since last request: 0.000185 seconds.
  path: Assets/Lowpoly Style/Desert/Prefabs/JoshuaTree1.prefab
  artifactKey: Guid(f8ceb3e0379644246b0e8d19a662b00a) Importer(815301076,1909f56bfc062723c751e8b465ee728b)
Start importing Assets/Lowpoly Style/Desert/Prefabs/JoshuaTree1.prefab using Guid(f8ceb3e0379644246b0e8d19a662b00a) Importer(815301076,1909f56bfc062723c751e8b465ee728b)  -> (artifact id: '4161cebf2cf432c3e1279ee3f8052c3a') in 0.022928 seconds 
  Import took 0.025640 seconds .

========================================================================
Received Import Request.
  Time since last request: 0.000258 seconds.
  path: Assets/Lowpoly Style/Desert/Prefabs/OldWoodPlank2.prefab
  artifactKey: Guid(5ab71284603a2294988f26946ce1ed36) Importer(815301076,1909f56bfc062723c751e8b465ee728b)
Start importing Assets/Lowpoly Style/Desert/Prefabs/OldWoodPlank2.prefab using Guid(5ab71284603a2294988f26946ce1ed36) Importer(815301076,1909f56bfc062723c751e8b465ee728b)  -> (artifact id: '5d16cbec406e36ec27f277cd4941d093') in 0.021389 seconds 
  Import took 0.023825 seconds .

========================================================================
Received Import Request.
  Time since last request: 0.000356 seconds.
  path: Assets/Lowpoly Style/Desert/Prefabs/SaguaroCactus2.prefab
  artifactKey: Guid(4654b9ddec059b94291a155d1c0a9d13) Importer(815301076,1909f56bfc062723c751e8b465ee728b)
Start importing Assets/Lowpoly Style/Desert/Prefabs/SaguaroCactus2.prefab using Guid(4654b9ddec059b94291a155d1c0a9d13) Importer(815301076,1909f56bfc062723c751e8b465ee728b)  -> (artifact id: 'e866f5c1931c8126f45865586c88a99d') in 0.022311 seconds 
  Import took 0.024903 seconds .

========================================================================
Received Import Request.
  Time since last request: 0.000255 seconds.
  path: Assets/Lowpoly Style/Desert/Prefabs/PierTile.prefab
  artifactKey: Guid(4161ee886db948c40a421d4457da120a) Importer(815301076,1909f56bfc062723c751e8b465ee728b)
Start importing Assets/Lowpoly Style/Desert/Prefabs/PierTile.prefab using Guid(4161ee886db948c40a421d4457da120a) Importer(815301076,1909f56bfc062723c751e8b465ee728b)  -> (artifact id: '12a443d7225cc8693536f0ba214772bf') in 0.020983 seconds 
  Import took 0.023921 seconds .

========================================================================
Received Import Request.
  Time since last request: 0.000263 seconds.
  path: Assets/Lowpoly Style/Desert/Prefabs/PierPole.prefab
  artifactKey: Guid(f351ef46d781f624bb3ae06e5e34b355) Importer(815301076,1909f56bfc062723c751e8b465ee728b)
Start importing Assets/Lowpoly Style/Desert/Prefabs/PierPole.prefab using Guid(f351ef46d781f624bb3ae06e5e34b355) Importer(815301076,1909f56bfc062723c751e8b465ee728b)  -> (artifact id: 'a222bc18a36354b9ac882ee29322b05e') in 0.023648 seconds 
  Import took 0.026062 seconds .

========================================================================
Received Import Request.
  Time since last request: 0.000207 seconds.
  path: Assets/Lowpoly Style/Desert/Prefabs/CookingPotHanging.prefab
  artifactKey: Guid(b587f28bb22366f4f8ea3ff794faaa74) Importer(815301076,1909f56bfc062723c751e8b465ee728b)
Start importing Assets/Lowpoly Style/Desert/Prefabs/CookingPotHanging.prefab using Guid(b587f28bb22366f4f8ea3ff794faaa74) Importer(815301076,1909f56bfc062723c751e8b465ee728b)  -> (artifact id: '3be5d171de37b90f7290a45ec97ca197') in 0.029345 seconds 
  Import took 0.031812 seconds .

========================================================================
Received Import Request.
  Time since last request: 0.000187 seconds.
  path: Assets/Lowpoly Style/Desert/Prefabs/CactusSmall.prefab
  artifactKey: Guid(72d9ec94e53a8524c94ab19376a47b7a) Importer(815301076,1909f56bfc062723c751e8b465ee728b)
Start importing Assets/Lowpoly Style/Desert/Prefabs/CactusSmall.prefab using Guid(72d9ec94e53a8524c94ab19376a47b7a) Importer(815301076,1909f56bfc062723c751e8b465ee728b)  -> (artifact id: '6dacada8df6eccd6645bc7cfe32b3950') in 0.022740 seconds 
  Import took 0.025094 seconds .

========================================================================
Received Import Request.
  Time since last request: 0.000298 seconds.
  path: Assets/Lowpoly Style/Desert/Prefabs/JoshuaTree3.prefab
  artifactKey: Guid(77a808498fc813c42904b24de3530fca) Importer(815301076,1909f56bfc062723c751e8b465ee728b)
Start importing Assets/Lowpoly Style/Desert/Prefabs/JoshuaTree3.prefab using Guid(77a808498fc813c42904b24de3530fca) Importer(815301076,1909f56bfc062723c751e8b465ee728b)  -> (artifact id: '53f42c881826eaa9941774bc56f2f9e1') in 0.027719 seconds 
  Import took 0.030379 seconds .

========================================================================
Received Import Request.
  Time since last request: 0.000206 seconds.
  path: Assets/Lowpoly Style/Desert/Prefabs/DoubleRockShape_High.prefab
  artifactKey: Guid(81aeb14471524ed47b32909b911cacf4) Importer(815301076,1909f56bfc062723c751e8b465ee728b)
Start importing Assets/Lowpoly Style/Desert/Prefabs/DoubleRockShape_High.prefab using Guid(81aeb14471524ed47b32909b911cacf4) Importer(815301076,1909f56bfc062723c751e8b465ee728b)  -> (artifact id: 'cd765955776a3480f906bfae365be63c') in 0.027250 seconds 
  Import took 0.030042 seconds .

========================================================================
Received Import Request.
  Time since last request: 0.000213 seconds.
  path: Assets/Lowpoly Style/Desert/Prefabs/PierStart.prefab
  artifactKey: Guid(70dfb2e41fdcec14aae0cf406812c4b0) Importer(815301076,1909f56bfc062723c751e8b465ee728b)
Start importing Assets/Lowpoly Style/Desert/Prefabs/PierStart.prefab using Guid(70dfb2e41fdcec14aae0cf406812c4b0) Importer(815301076,1909f56bfc062723c751e8b465ee728b)  -> (artifact id: '97e9c9ba30c76adcd45dfef08adc83d6') in 0.024248 seconds 
  Import took 0.026764 seconds .

========================================================================
Received Import Request.
  Time since last request: 0.000180 seconds.
  path: Assets/Lowpoly Style/Desert/Prefabs/OldWall1.prefab
  artifactKey: Guid(e2403152689f6fd438fe098277b0a790) Importer(815301076,1909f56bfc062723c751e8b465ee728b)
Start importing Assets/Lowpoly Style/Desert/Prefabs/OldWall1.prefab using Guid(e2403152689f6fd438fe098277b0a790) Importer(815301076,1909f56bfc062723c751e8b465ee728b)  -> (artifact id: '673e330e90887d0aca711da1be11baf1') in 0.026342 seconds 
  Import took 0.028856 seconds .

========================================================================
Received Import Request.
  Time since last request: 0.000175 seconds.
  path: Assets/Lowpoly Style/Desert/Prefabs/SharpRock2.prefab
  artifactKey: Guid(213df15133e30be4da471b667cd21f4e) Importer(815301076,1909f56bfc062723c751e8b465ee728b)
Start importing Assets/Lowpoly Style/Desert/Prefabs/SharpRock2.prefab using Guid(213df15133e30be4da471b667cd21f4e) Importer(815301076,1909f56bfc062723c751e8b465ee728b)  -> (artifact id: '232ab3c19218f8d8f075c8a25ac52679') in 0.025568 seconds 
  Import took 0.028093 seconds .

========================================================================
Received Import Request.
  Time since last request: 0.000201 seconds.
  path: Assets/Lowpoly Style/Desert/Prefabs/OldWoodPlank1.prefab
  artifactKey: Guid(9f76005794db1cf439aa28dfb2f30df5) Importer(815301076,1909f56bfc062723c751e8b465ee728b)
Start importing Assets/Lowpoly Style/Desert/Prefabs/OldWoodPlank1.prefab using Guid(9f76005794db1cf439aa28dfb2f30df5) Importer(815301076,1909f56bfc062723c751e8b465ee728b)  -> (artifact id: '8f083592c57d9642fca285363f9f0b3f') in 0.022786 seconds 
  Import took 0.025458 seconds .

========================================================================
Received Import Request.
  Time since last request: 0.000205 seconds.
  path: Assets/Lowpoly Style/Desert/Prefabs/AgaveLow.prefab
  artifactKey: Guid(1e1dcb2c3cf62ef4ea1ceb9ad4dc3314) Importer(815301076,1909f56bfc062723c751e8b465ee728b)
Start importing Assets/Lowpoly Style/Desert/Prefabs/AgaveLow.prefab using Guid(1e1dcb2c3cf62ef4ea1ceb9ad4dc3314) Importer(815301076,1909f56bfc062723c751e8b465ee728b)  -> (artifact id: '3b51456bde75f5ff6a6165a1c5dae391') in 0.018839 seconds 
  Import took 0.021521 seconds .

========================================================================
Received Import Request.
  Time since last request: 0.000195 seconds.
  path: Assets/Lowpoly Style/Desert/Prefabs/OldWall3.prefab
  artifactKey: Guid(d25803a31803c3e46852b7f73a6a43a6) Importer(815301076,1909f56bfc062723c751e8b465ee728b)
Start importing Assets/Lowpoly Style/Desert/Prefabs/OldWall3.prefab using Guid(d25803a31803c3e46852b7f73a6a43a6) Importer(815301076,1909f56bfc062723c751e8b465ee728b)  -> (artifact id: 'aefeeeebaf19208173fcfeb4de2e33ce') in 0.022388 seconds 
  Import took 0.025155 seconds .

========================================================================
Received Import Request.
  Time since last request: 0.000209 seconds.
  path: Assets/Lowpoly Style/Desert/Prefabs/Tent1.prefab
  artifactKey: Guid(0ccc00207d13ec844b08edba48efb4fa) Importer(815301076,1909f56bfc062723c751e8b465ee728b)
Start importing Assets/Lowpoly Style/Desert/Prefabs/Tent1.prefab using Guid(0ccc00207d13ec844b08edba48efb4fa) Importer(815301076,1909f56bfc062723c751e8b465ee728b)  -> (artifact id: 'e81ed6de20bfd0bd41f3045f8daad77e') in 0.021919 seconds 
  Import took 0.024972 seconds .

========================================================================
Received Import Request.
  Time since last request: 0.000174 seconds.
  path: Assets/Lowpoly Style/Desert/Prefabs/Signpost1.prefab
  artifactKey: Guid(a6b6d5524d04d8447b8288d99369a098) Importer(815301076,1909f56bfc062723c751e8b465ee728b)
Start importing Assets/Lowpoly Style/Desert/Prefabs/Signpost1.prefab using Guid(a6b6d5524d04d8447b8288d99369a098) Importer(815301076,1909f56bfc062723c751e8b465ee728b)  -> (artifact id: '19c33cf4dbd4651311b16fed72f04ee1') in 0.022040 seconds 
  Import took 0.024724 seconds .

========================================================================
Received Import Request.
  Time since last request: 0.000173 seconds.
  path: Assets/Lowpoly Style/Desert/Prefabs/Palmtree1_low.prefab
  artifactKey: Guid(42b30f49b203f6f4aa7ccbc53e6a3e14) Importer(815301076,1909f56bfc062723c751e8b465ee728b)
Start importing Assets/Lowpoly Style/Desert/Prefabs/Palmtree1_low.prefab using Guid(42b30f49b203f6f4aa7ccbc53e6a3e14) Importer(815301076,1909f56bfc062723c751e8b465ee728b)  -> (artifact id: 'ac9bb93ea6bd67dffbff939b65c75a11') in 0.025382 seconds 
  Import took 0.027961 seconds .

========================================================================
Received Import Request.
  Time since last request: 0.000210 seconds.
  path: Assets/Lowpoly Style/Desert/Prefabs/SandduneLow1.prefab
  artifactKey: Guid(fed94cafe1bc1ab428d39eadc05b199c) Importer(815301076,1909f56bfc062723c751e8b465ee728b)
Start importing Assets/Lowpoly Style/Desert/Prefabs/SandduneLow1.prefab using Guid(fed94cafe1bc1ab428d39eadc05b199c) Importer(815301076,1909f56bfc062723c751e8b465ee728b)  -> (artifact id: '390430f03a75392b3bd3253b94e0df30') in 0.024360 seconds 
  Import took 0.026951 seconds .

========================================================================
Received Import Request.
  Time since last request: 0.000194 seconds.
  path: Assets/Lowpoly Style/Desert/Prefabs/SandduneHigh1.prefab
  artifactKey: Guid(8ee1660cb08b30149852f6f7e5025df7) Importer(815301076,1909f56bfc062723c751e8b465ee728b)
Start importing Assets/Lowpoly Style/Desert/Prefabs/SandduneHigh1.prefab using Guid(8ee1660cb08b30149852f6f7e5025df7) Importer(815301076,1909f56bfc062723c751e8b465ee728b)  -> (artifact id: '9f394af2bb121e95fd930a8492d88bc2') in 0.026168 seconds 
  Import took 0.028745 seconds .

========================================================================
Received Import Request.
  Time since last request: 0.000245 seconds.
  path: Assets/Lowpoly Style/Desert/Prefabs/SharpRock1.prefab
  artifactKey: Guid(21e3216547a3ed14882b42c225f72a3d) Importer(815301076,1909f56bfc062723c751e8b465ee728b)
Start importing Assets/Lowpoly Style/Desert/Prefabs/SharpRock1.prefab using Guid(21e3216547a3ed14882b42c225f72a3d) Importer(815301076,1909f56bfc062723c751e8b465ee728b)  -> (artifact id: 'de8c20bccb90de9b8c0e70598a839853') in 0.026551 seconds 
  Import took 0.029580 seconds .

========================================================================
Received Import Request.
  Time since last request: 0.000217 seconds.
  path: Assets/Lowpoly Style/Desert/Prefabs/RockGrey2.prefab
  artifactKey: Guid(8ad6a40ce925cb847a45d32dd6b1cc62) Importer(815301076,1909f56bfc062723c751e8b465ee728b)
Start importing Assets/Lowpoly Style/Desert/Prefabs/RockGrey2.prefab using Guid(8ad6a40ce925cb847a45d32dd6b1cc62) Importer(815301076,1909f56bfc062723c751e8b465ee728b)  -> (artifact id: '47bfa61b412a1337fca057adab40b5f1') in 0.021742 seconds 
  Import took 0.024388 seconds .

========================================================================
Received Import Request.
  Time since last request: 0.000228 seconds.
  path: Assets/Lowpoly Style/Desert/Prefabs/RockGrey2_high.prefab
  artifactKey: Guid(9bdb0a940fd1a9c4db8dd4ee29fc9066) Importer(815301076,1909f56bfc062723c751e8b465ee728b)
Start importing Assets/Lowpoly Style/Desert/Prefabs/RockGrey2_high.prefab using Guid(9bdb0a940fd1a9c4db8dd4ee29fc9066) Importer(815301076,1909f56bfc062723c751e8b465ee728b)  -> (artifact id: '2a816743762c74bb174e053bc6f7ec7a') in 0.025045 seconds 
  Import took 0.027895 seconds .

========================================================================
Received Import Request.
  Time since last request: 0.000305 seconds.
  path: Assets/Lowpoly Style/Desert/Prefabs/TorchBig.prefab
  artifactKey: Guid(550304d844d007f4ab9f3a8e96d8352e) Importer(815301076,1909f56bfc062723c751e8b465ee728b)
Start importing Assets/Lowpoly Style/Desert/Prefabs/TorchBig.prefab using Guid(550304d844d007f4ab9f3a8e96d8352e) Importer(815301076,1909f56bfc062723c751e8b465ee728b)  -> (artifact id: 'a1ccdc1020e67ef55558754fde3673f4') in 0.021723 seconds 
  Import took 0.024563 seconds .

========================================================================
Received Import Request.
  Time since last request: 0.000194 seconds.
  path: Assets/Lowpoly Style/Desert/Prefabs/HangingBridge.prefab
  artifactKey: Guid(f1a08ef28bf47254bbb1439b70df5a17) Importer(815301076,1909f56bfc062723c751e8b465ee728b)
Start importing Assets/Lowpoly Style/Desert/Prefabs/HangingBridge.prefab using Guid(f1a08ef28bf47254bbb1439b70df5a17) Importer(815301076,1909f56bfc062723c751e8b465ee728b)  -> (artifact id: 'd594d4e6d67739879e955bc6509d30c2') in 0.026099 seconds 
  Import took 0.028931 seconds .

========================================================================
Received Import Request.
  Time since last request: 0.000200 seconds.
  path: Assets/Lowpoly Style/Desert/Prefabs/RockGrey1.prefab
  artifactKey: Guid(b8ce10adfd2967642a4056c1d576afc3) Importer(815301076,1909f56bfc062723c751e8b465ee728b)
Start importing Assets/Lowpoly Style/Desert/Prefabs/RockGrey1.prefab using Guid(b8ce10adfd2967642a4056c1d576afc3) Importer(815301076,1909f56bfc062723c751e8b465ee728b)  -> (artifact id: 'f8eb33a3ac7e18394d40a856cd6a954e') in 0.022585 seconds 
  Import took 0.025217 seconds .

========================================================================
Received Import Request.
  Time since last request: 0.000243 seconds.
  path: Assets/Lowpoly Style/Desert/Prefabs/DoubleRockShape.prefab
  artifactKey: Guid(278cc4849eb817c4e8bad76c42f0a575) Importer(815301076,1909f56bfc062723c751e8b465ee728b)
Start importing Assets/Lowpoly Style/Desert/Prefabs/DoubleRockShape.prefab using Guid(278cc4849eb817c4e8bad76c42f0a575) Importer(815301076,1909f56bfc062723c751e8b465ee728b)  -> (artifact id: 'a932ed23f61919f443593b22499b27e8') in 0.021944 seconds 
  Import took 0.024499 seconds .

========================================================================
Received Import Request.
  Time since last request: 0.000212 seconds.
  path: Assets/Lowpoly Style/Desert/Prefabs/TreeDead2.prefab
  artifactKey: Guid(1bc987991846d5746863cf0c9370d348) Importer(815301076,1909f56bfc062723c751e8b465ee728b)
Start importing Assets/Lowpoly Style/Desert/Prefabs/TreeDead2.prefab using Guid(1bc987991846d5746863cf0c9370d348) Importer(815301076,1909f56bfc062723c751e8b465ee728b)  -> (artifact id: '3b24b9b19c1eea610c8f1f862c8255ca') in 0.019102 seconds 
  Import took 0.021798 seconds .

========================================================================
Received Import Request.
  Time since last request: 0.000212 seconds.
  path: Assets/Lowpoly Style/Desert/Prefabs/Barrel.prefab
  artifactKey: Guid(c5f50e6e7e79d4f40b29e064c20f4fef) Importer(815301076,1909f56bfc062723c751e8b465ee728b)
Start importing Assets/Lowpoly Style/Desert/Prefabs/Barrel.prefab using Guid(c5f50e6e7e79d4f40b29e064c20f4fef) Importer(815301076,1909f56bfc062723c751e8b465ee728b)  -> (artifact id: '17ced19f7d493c05e9830f50443d8382') in 0.026920 seconds 
  Import took 0.029846 seconds .

========================================================================
Received Import Request.
  Time since last request: 0.000218 seconds.
  path: Assets/Lowpoly Style/Desert/Prefabs/SaguaroCactus1.prefab
  artifactKey: Guid(130a87a42aab600488e37e364f86e57d) Importer(815301076,1909f56bfc062723c751e8b465ee728b)
Start importing Assets/Lowpoly Style/Desert/Prefabs/SaguaroCactus1.prefab using Guid(130a87a42aab600488e37e364f86e57d) Importer(815301076,1909f56bfc062723c751e8b465ee728b)  -> (artifact id: '4aafe2796e318b72e5c6d588ff7a5a90') in 0.022858 seconds 
  Import took 0.025579 seconds .

========================================================================
Received Import Request.
  Time since last request: 0.000230 seconds.
  path: Assets/Lowpoly Style/Desert/Prefabs/TreeTrunk1.prefab
  artifactKey: Guid(5cafb8ae94eb0b74397ee5e441bf044c) Importer(815301076,1909f56bfc062723c751e8b465ee728b)
Start importing Assets/Lowpoly Style/Desert/Prefabs/TreeTrunk1.prefab using Guid(5cafb8ae94eb0b74397ee5e441bf044c) Importer(815301076,1909f56bfc062723c751e8b465ee728b)  -> (artifact id: 'a85ca3937a657b02b6a832cb0456ac6e') in 0.017215 seconds 
  Import took 0.019965 seconds .

========================================================================
Received Import Request.
  Time since last request: 0.000252 seconds.
  path: Assets/Lowpoly Style/Desert/Prefabs/JoshuaTree2.prefab
  artifactKey: Guid(a87fd4cf05f690949b7c5207aa30e5e7) Importer(815301076,1909f56bfc062723c751e8b465ee728b)
Start importing Assets/Lowpoly Style/Desert/Prefabs/JoshuaTree2.prefab using Guid(a87fd4cf05f690949b7c5207aa30e5e7) Importer(815301076,1909f56bfc062723c751e8b465ee728b)  -> (artifact id: 'a4fd648e48256bc992e398478978fbfc') in 0.022503 seconds 
  Import took 0.025452 seconds .

========================================================================
Received Import Request.
  Time since last request: 0.000226 seconds.
  path: Assets/Lowpoly Style/Desert/Prefabs/Ladder.prefab
  artifactKey: Guid(3b111b3eaff0e0b4eac1778d5934773c) Importer(815301076,1909f56bfc062723c751e8b465ee728b)
Start importing Assets/Lowpoly Style/Desert/Prefabs/Ladder.prefab using Guid(3b111b3eaff0e0b4eac1778d5934773c) Importer(815301076,1909f56bfc062723c751e8b465ee728b)  -> (artifact id: '156b61385df913d958068b71e2647064') in 0.017017 seconds 
  Import took 0.019845 seconds .

========================================================================
Received Import Request.
  Time since last request: 0.000191 seconds.
  path: Assets/Lowpoly Style/Desert/Prefabs/Campfire.prefab
  artifactKey: Guid(b86c6f6b9c3047546b5bd02193442d2d) Importer(815301076,1909f56bfc062723c751e8b465ee728b)
Start importing Assets/Lowpoly Style/Desert/Prefabs/Campfire.prefab using Guid(b86c6f6b9c3047546b5bd02193442d2d) Importer(815301076,1909f56bfc062723c751e8b465ee728b)  -> (artifact id: '072113992b31d6369f615cebc2b2158d') in 0.023639 seconds 
  Import took 0.026280 seconds .

========================================================================
Received Import Request.
  Time since last request: 0.000209 seconds.
  path: Assets/Lowpoly Style/Desert/Prefabs/CookingFireplace.prefab
  artifactKey: Guid(a0df47329a427514e90f8a03566796f6) Importer(815301076,1909f56bfc062723c751e8b465ee728b)
Start importing Assets/Lowpoly Style/Desert/Prefabs/CookingFireplace.prefab using Guid(a0df47329a427514e90f8a03566796f6) Importer(815301076,1909f56bfc062723c751e8b465ee728b)  -> (artifact id: '42c5e3a7cd0946d53d517be0d25dbf81') in 0.031140 seconds 
  Import took 0.034004 seconds .

========================================================================
Received Import Request.
  Time since last request: 0.000205 seconds.
  path: Assets/Lowpoly Style/Desert/Prefabs/House2.prefab
  artifactKey: Guid(ce497167c6649a14481c843b5b3273a7) Importer(815301076,1909f56bfc062723c751e8b465ee728b)
Start importing Assets/Lowpoly Style/Desert/Prefabs/House2.prefab using Guid(ce497167c6649a14481c843b5b3273a7) Importer(815301076,1909f56bfc062723c751e8b465ee728b)  -> (artifact id: '3f77ab602313fde8860b5a0d8f8e2467') in 0.023699 seconds 
  Import took 0.026187 seconds .

========================================================================
Received Import Request.
  Time since last request: 0.000263 seconds.
  path: Assets/Lowpoly Style/Desert/Prefabs/QubicRocks1.prefab
  artifactKey: Guid(54fadcb7f3fef1b48ae23e88249748a7) Importer(815301076,1909f56bfc062723c751e8b465ee728b)
Start importing Assets/Lowpoly Style/Desert/Prefabs/QubicRocks1.prefab using Guid(54fadcb7f3fef1b48ae23e88249748a7) Importer(815301076,1909f56bfc062723c751e8b465ee728b)  -> (artifact id: '9c2f597833e9b1c3f41ae78dad7193a6') in 0.024162 seconds 
  Import took 0.026804 seconds .

========================================================================
Received Import Request.
  Time since last request: 0.000185 seconds.
  path: Assets/Lowpoly Style/Desert/Prefabs/TreeDead1.prefab
  artifactKey: Guid(b9b64f145812f90448b1018fcc6f04c8) Importer(815301076,1909f56bfc062723c751e8b465ee728b)
Start importing Assets/Lowpoly Style/Desert/Prefabs/TreeDead1.prefab using Guid(b9b64f145812f90448b1018fcc6f04c8) Importer(815301076,1909f56bfc062723c751e8b465ee728b)  -> (artifact id: 'cd457436c71b05b283824659f585732b') in 0.018427 seconds 
  Import took 0.021100 seconds .

========================================================================
Received Import Request.
  Time since last request: 0.000190 seconds.
  path: Assets/Lowpoly Style/Desert/Prefabs/RockGrey1_high.prefab
  artifactKey: Guid(dfc8f7056ec958c47bfc84d0493b859a) Importer(815301076,1909f56bfc062723c751e8b465ee728b)
Start importing Assets/Lowpoly Style/Desert/Prefabs/RockGrey1_high.prefab using Guid(dfc8f7056ec958c47bfc84d0493b859a) Importer(815301076,1909f56bfc062723c751e8b465ee728b)  -> (artifact id: '088ae2841fa461799b31caf123f67bd0') in 0.025927 seconds 
  Import took 0.028919 seconds .

========================================================================
Received Import Request.
  Time since last request: 0.000208 seconds.
  path: Assets/Lowpoly Style/Desert/Prefabs/Signpost2.prefab
  artifactKey: Guid(76e16275f50f46242aa2bd2e42e80f14) Importer(815301076,1909f56bfc062723c751e8b465ee728b)
Start importing Assets/Lowpoly Style/Desert/Prefabs/Signpost2.prefab using Guid(76e16275f50f46242aa2bd2e42e80f14) Importer(815301076,1909f56bfc062723c751e8b465ee728b)  -> (artifact id: 'c9dad19895007fd83fbc4bb53851707c') in 0.022035 seconds 
  Import took 0.024560 seconds .

========================================================================
Received Import Request.
  Time since last request: 0.000229 seconds.
  path: Assets/Lowpoly Style/Desert/Prefabs/Fence1.prefab
  artifactKey: Guid(c4d10e880f8a18b499138fb07d6f4212) Importer(815301076,1909f56bfc062723c751e8b465ee728b)
Start importing Assets/Lowpoly Style/Desert/Prefabs/Fence1.prefab using Guid(c4d10e880f8a18b499138fb07d6f4212) Importer(815301076,1909f56bfc062723c751e8b465ee728b)  -> (artifact id: '2928f9df3c2592a728671da6c8bf3ea3') in 0.019427 seconds 
  Import took 0.022403 seconds .

========================================================================
Received Import Request.
  Time since last request: 0.000209 seconds.
  path: Assets/Lowpoly Style/Desert/Prefabs/Palmtree1.prefab
  artifactKey: Guid(c27ea96b9dc849b49a135fd3b16f5419) Importer(815301076,1909f56bfc062723c751e8b465ee728b)
Start importing Assets/Lowpoly Style/Desert/Prefabs/Palmtree1.prefab using Guid(c27ea96b9dc849b49a135fd3b16f5419) Importer(815301076,1909f56bfc062723c751e8b465ee728b)  -> (artifact id: 'b22b481a14c19a6628fa750b39ff34a3') in 0.027383 seconds 
  Import took 0.030123 seconds .

========================================================================
Received Import Request.
  Time since last request: 0.000196 seconds.
  path: Assets/Lowpoly Style/Desert/Prefabs/CactusMini.prefab
  artifactKey: Guid(854fa39bf6c066247b654c13a48dc84b) Importer(815301076,1909f56bfc062723c751e8b465ee728b)
Start importing Assets/Lowpoly Style/Desert/Prefabs/CactusMini.prefab using Guid(854fa39bf6c066247b654c13a48dc84b) Importer(815301076,1909f56bfc062723c751e8b465ee728b)  -> (artifact id: 'e324e0bcc8c132d69032b5a369e84e9b') in 0.020893 seconds 
  Import took 0.023515 seconds .

========================================================================
Received Import Request.
  Time since last request: 0.000344 seconds.
  path: Assets/Lowpoly Style/Desert/Prefabs/TorchSmall.prefab
  artifactKey: Guid(1f782ade1705bca488bdcac46c171140) Importer(815301076,1909f56bfc062723c751e8b465ee728b)
Start importing Assets/Lowpoly Style/Desert/Prefabs/TorchSmall.prefab using Guid(1f782ade1705bca488bdcac46c171140) Importer(815301076,1909f56bfc062723c751e8b465ee728b)  -> (artifact id: 'f4425b7f348b2d3485bfd222f6719b85') in 0.017946 seconds 
  Import took 0.020605 seconds .

========================================================================
Received Prepare
Registering precompiled user dll's ...
Registered in 0.007051 seconds.
Begin MonoManager ReloadAssembly
Native extension for WindowsStandalone target not found
Refreshing native plugins compatible for Editor in 0.58 ms, found 2 plugins.
Preloading 0 native plugins for Editor in 0.00 ms.
Mono: successfully reloaded assembly
- Completed reload, in  0.818 seconds
Domain Reload Profiling:
	ReloadAssembly (818ms)
		BeginReloadAssembly (111ms)
			ExecutionOrderSort (0ms)
			DisableScriptedObjects (3ms)
			BackupInstance (0ms)
			ReleaseScriptingObjects (0ms)
			CreateAndSetChildDomain (28ms)
		EndReloadAssembly (652ms)
			LoadAssemblies (87ms)
			RebuildTransferFunctionScriptingTraits (0ms)
			SetupTypeCache (225ms)
			ReleaseScriptCaches (1ms)
			RebuildScriptCaches (31ms)
			SetupLoadedEditorAssemblies (237ms)
				LogAssemblyErrors (0ms)
				InitializePlatformSupportModulesInManaged (4ms)
				SetLoadedEditorAssemblies (0ms)
				RefreshPlugins (1ms)
				BeforeProcessingInitializeOnLoad (84ms)
				ProcessInitializeOnLoadAttributes (142ms)
				ProcessInitializeOnLoadMethodAttributes (3ms)
				AfterProcessingInitializeOnLoad (2ms)
				EditorAssembliesLoaded (0ms)
			ExecutionOrderSort2 (0ms)
			AwakeInstancesAfterBackupRestoration (5ms)
Platform modules already initialized, skipping
Refreshing native plugins compatible for Editor in 0.56 ms, found 2 plugins.
Preloading 0 native plugins for Editor in 0.00 ms.
Unloading 1501 Unused Serialized files (Serialized files now loaded: 0)
System memory in use before: 121.8 MB.
System memory in use after: 121.5 MB.

Unloading 16 unused Assets to reduce memory usage. Loaded Objects now: 2055.
Total: 2.467600 ms (FindLiveObjects: 0.234400 ms CreateObjectMapping: 0.064600 ms MarkObjects: 1.842700 ms  DeleteObjects: 0.324400 ms)

AssetImportParameters requested are different than current active one (requested -> active):
  custom:framework-win-MediaFoundation: 216162199b28c13a410421893ffa2e32 -> 
  custom:video-decoder-ogg-theora: a1e56fd34408186e4bbccfd4996cb3dc -> 
  custom:container-muxer-webm: aa71ff27fc2769a1b78a27578f13a17b -> 
  custom:container-demuxer-webm: 4f35f7cbe854078d1ac9338744f61a02 -> 
  custom:container-demuxer-ogg: 62fdf1f143b41e24485cea50d1cbac27 -> 
  custom:video-encoder-webm-vp8: eb34c28f22e8b96e1ab97ce403110664 -> 
  custom:video-codec-MediaFoundation-h265: 746d11721c4dcdbdad8f713fa42b33f4 -> 
  custom:video-decoder-webm-vp8: 9c59270c3fd7afecdb556c50c9e8de78 -> 
  custom:audio-decoder-ogg-vorbis: bf7c407c2cedff20999df2af8eb42d56 -> 
  custom:audio-encoder-webm-vorbis: bf7c407c2cedff20999df2af8eb42d56 -> 
========================================================================
Received Prepare
Registering precompiled user dll's ...
Registered in 0.008505 seconds.
Begin MonoManager ReloadAssembly
Native extension for WindowsStandalone target not found
Refreshing native plugins compatible for Editor in 0.64 ms, found 2 plugins.
Preloading 0 native plugins for Editor in 0.00 ms.
Mono: successfully reloaded assembly
- Completed reload, in  1.033 seconds
Domain Reload Profiling:
	ReloadAssembly (1033ms)
		BeginReloadAssembly (140ms)
			ExecutionOrderSort (0ms)
			DisableScriptedObjects (6ms)
			BackupInstance (0ms)
			ReleaseScriptingObjects (0ms)
			CreateAndSetChildDomain (36ms)
		EndReloadAssembly (821ms)
			LoadAssemblies (132ms)
			RebuildTransferFunctionScriptingTraits (0ms)
			SetupTypeCache (296ms)
			ReleaseScriptCaches (1ms)
			RebuildScriptCaches (37ms)
			SetupLoadedEditorAssemblies (281ms)
				LogAssemblyErrors (0ms)
				InitializePlatformSupportModulesInManaged (4ms)
				SetLoadedEditorAssemblies (0ms)
				RefreshPlugins (1ms)
				BeforeProcessingInitializeOnLoad (100ms)
				ProcessInitializeOnLoadAttributes (169ms)
				ProcessInitializeOnLoadMethodAttributes (4ms)
				AfterProcessingInitializeOnLoad (2ms)
				EditorAssembliesLoaded (0ms)
			ExecutionOrderSort2 (0ms)
			AwakeInstancesAfterBackupRestoration (7ms)
Platform modules already initialized, skipping
Refreshing native plugins compatible for Editor in 0.63 ms, found 2 plugins.
Preloading 0 native plugins for Editor in 0.00 ms.
Unloading 1501 Unused Serialized files (Serialized files now loaded: 0)
System memory in use before: 121.8 MB.
System memory in use after: 121.5 MB.

Unloading 16 unused Assets to reduce memory usage. Loaded Objects now: 2058.
Total: 2.873900 ms (FindLiveObjects: 0.268900 ms CreateObjectMapping: 0.080100 ms MarkObjects: 2.099200 ms  DeleteObjects: 0.423500 ms)

AssetImportParameters requested are different than current active one (requested -> active):
  custom:framework-win-MediaFoundation: 216162199b28c13a410421893ffa2e32 -> 
  custom:video-decoder-ogg-theora: a1e56fd34408186e4bbccfd4996cb3dc -> 
  custom:container-muxer-webm: aa71ff27fc2769a1b78a27578f13a17b -> 
  custom:container-demuxer-webm: 4f35f7cbe854078d1ac9338744f61a02 -> 
  custom:container-demuxer-ogg: 62fdf1f143b41e24485cea50d1cbac27 -> 
  custom:video-encoder-webm-vp8: eb34c28f22e8b96e1ab97ce403110664 -> 
  custom:video-codec-MediaFoundation-h265: 746d11721c4dcdbdad8f713fa42b33f4 -> 
  custom:video-decoder-webm-vp8: 9c59270c3fd7afecdb556c50c9e8de78 -> 
  custom:audio-decoder-ogg-vorbis: bf7c407c2cedff20999df2af8eb42d56 -> 
  custom:audio-encoder-webm-vorbis: bf7c407c2cedff20999df2af8eb42d56 -> 
========================================================================
Received Prepare
Registering precompiled user dll's ...
Registered in 0.008196 seconds.
Begin MonoManager ReloadAssembly
Native extension for WindowsStandalone target not found
Refreshing native plugins compatible for Editor in 0.90 ms, found 2 plugins.
Preloading 0 native plugins for Editor in 0.00 ms.
Mono: successfully reloaded assembly
- Completed reload, in  1.101 seconds
Domain Reload Profiling:
	ReloadAssembly (1101ms)
		BeginReloadAssembly (135ms)
			ExecutionOrderSort (0ms)
			DisableScriptedObjects (5ms)
			BackupInstance (0ms)
			ReleaseScriptingObjects (0ms)
			CreateAndSetChildDomain (36ms)
		EndReloadAssembly (897ms)
			LoadAssemblies (125ms)
			RebuildTransferFunctionScriptingTraits (0ms)
			SetupTypeCache (294ms)
			ReleaseScriptCaches (1ms)
			RebuildScriptCaches (43ms)
			SetupLoadedEditorAssemblies (339ms)
				LogAssemblyErrors (0ms)
				InitializePlatformSupportModulesInManaged (6ms)
				SetLoadedEditorAssemblies (1ms)
				RefreshPlugins (1ms)
				BeforeProcessingInitializeOnLoad (116ms)
				ProcessInitializeOnLoadAttributes (207ms)
				ProcessInitializeOnLoadMethodAttributes (5ms)
				AfterProcessingInitializeOnLoad (3ms)
				EditorAssembliesLoaded (0ms)
			ExecutionOrderSort2 (0ms)
			AwakeInstancesAfterBackupRestoration (8ms)
Platform modules already initialized, skipping
Refreshing native plugins compatible for Editor in 0.64 ms, found 2 plugins.
Preloading 0 native plugins for Editor in 0.00 ms.
Unloading 1501 Unused Serialized files (Serialized files now loaded: 0)
System memory in use before: 121.8 MB.
System memory in use after: 121.5 MB.

Unloading 16 unused Assets to reduce memory usage. Loaded Objects now: 2061.
Total: 3.146500 ms (FindLiveObjects: 0.248900 ms CreateObjectMapping: 0.075900 ms MarkObjects: 2.431100 ms  DeleteObjects: 0.389000 ms)

AssetImportParameters requested are different than current active one (requested -> active):
  custom:framework-win-MediaFoundation: 216162199b28c13a410421893ffa2e32 -> 
  custom:video-decoder-ogg-theora: a1e56fd34408186e4bbccfd4996cb3dc -> 
  custom:container-muxer-webm: aa71ff27fc2769a1b78a27578f13a17b -> 
  custom:container-demuxer-webm: 4f35f7cbe854078d1ac9338744f61a02 -> 
  custom:container-demuxer-ogg: 62fdf1f143b41e24485cea50d1cbac27 -> 
  custom:video-encoder-webm-vp8: eb34c28f22e8b96e1ab97ce403110664 -> 
  custom:video-codec-MediaFoundation-h265: 746d11721c4dcdbdad8f713fa42b33f4 -> 
  custom:video-decoder-webm-vp8: 9c59270c3fd7afecdb556c50c9e8de78 -> 
  custom:audio-decoder-ogg-vorbis: bf7c407c2cedff20999df2af8eb42d56 -> 
  custom:audio-encoder-webm-vorbis: bf7c407c2cedff20999df2af8eb42d56 -> 
========================================================================
Received Prepare
Registering precompiled user dll's ...
Registered in 0.007389 seconds.
Begin MonoManager ReloadAssembly
Native extension for WindowsStandalone target not found
Refreshing native plugins compatible for Editor in 0.56 ms, found 2 plugins.
Preloading 0 native plugins for Editor in 0.00 ms.
Mono: successfully reloaded assembly
- Completed reload, in  0.801 seconds
Domain Reload Profiling:
	ReloadAssembly (801ms)
		BeginReloadAssembly (102ms)
			ExecutionOrderSort (0ms)
			DisableScriptedObjects (3ms)
			BackupInstance (0ms)
			ReleaseScriptingObjects (0ms)
			CreateAndSetChildDomain (24ms)
		EndReloadAssembly (649ms)
			LoadAssemblies (84ms)
			RebuildTransferFunctionScriptingTraits (0ms)
			SetupTypeCache (219ms)
			ReleaseScriptCaches (1ms)
			RebuildScriptCaches (31ms)
			SetupLoadedEditorAssemblies (240ms)
				LogAssemblyErrors (0ms)
				InitializePlatformSupportModulesInManaged (4ms)
				SetLoadedEditorAssemblies (0ms)
				RefreshPlugins (1ms)
				BeforeProcessingInitializeOnLoad (84ms)
				ProcessInitializeOnLoadAttributes (146ms)
				ProcessInitializeOnLoadMethodAttributes (3ms)
				AfterProcessingInitializeOnLoad (2ms)
				EditorAssembliesLoaded (0ms)
			ExecutionOrderSort2 (0ms)
			AwakeInstancesAfterBackupRestoration (5ms)
Platform modules already initialized, skipping
Refreshing native plugins compatible for Editor in 0.59 ms, found 2 plugins.
Preloading 0 native plugins for Editor in 0.00 ms.
Unloading 1501 Unused Serialized files (Serialized files now loaded: 0)
System memory in use before: 121.8 MB.
System memory in use after: 121.5 MB.

Unloading 16 unused Assets to reduce memory usage. Loaded Objects now: 2064.
Total: 2.161600 ms (FindLiveObjects: 0.179900 ms CreateObjectMapping: 0.035100 ms MarkObjects: 1.572000 ms  DeleteObjects: 0.373500 ms)

AssetImportParameters requested are different than current active one (requested -> active):
  custom:framework-win-MediaFoundation: 216162199b28c13a410421893ffa2e32 -> 
  custom:video-decoder-ogg-theora: a1e56fd34408186e4bbccfd4996cb3dc -> 
  custom:container-muxer-webm: aa71ff27fc2769a1b78a27578f13a17b -> 
  custom:container-demuxer-webm: 4f35f7cbe854078d1ac9338744f61a02 -> 
  custom:container-demuxer-ogg: 62fdf1f143b41e24485cea50d1cbac27 -> 
  custom:video-encoder-webm-vp8: eb34c28f22e8b96e1ab97ce403110664 -> 
  custom:video-codec-MediaFoundation-h265: 746d11721c4dcdbdad8f713fa42b33f4 -> 
  custom:video-decoder-webm-vp8: 9c59270c3fd7afecdb556c50c9e8de78 -> 
  custom:audio-decoder-ogg-vorbis: bf7c407c2cedff20999df2af8eb42d56 -> 
  custom:audio-encoder-webm-vorbis: bf7c407c2cedff20999df2af8eb42d56 -> 
========================================================================
Received Import Request.
  Time since last request: 4245.475531 seconds.
  path: Assets/Scenes/Forest.unity
  artifactKey: Guid(3a7fae7730558744a87c69378a8aa5bb) Importer(815301076,1909f56bfc062723c751e8b465ee728b)
Start importing Assets/Scenes/Forest.unity using Guid(3a7fae7730558744a87c69378a8aa5bb) Importer(815301076,1909f56bfc062723c751e8b465ee728b)  -> (artifact id: '987ca428e77d33e69b0352c3eae6eec6') in 0.046969 seconds 
  Import took 0.050199 seconds .

========================================================================
Received Import Request.
  Time since last request: 13.437268 seconds.
  path: Assets/Scenes/MainScene.unity
  artifactKey: Guid(3a7fae7730558744a87c69378a8aa5bb) Importer(815301076,1909f56bfc062723c751e8b465ee728b)
Start importing Assets/Scenes/MainScene.unity using Guid(3a7fae7730558744a87c69378a8aa5bb) Importer(815301076,1909f56bfc062723c751e8b465ee728b)  -> (artifact id: 'cd39c74ca51f57d3e328d5721e6df0fb') in 0.007274 seconds 
  Import took 0.010418 seconds .

========================================================================
Received Import Request.
  Time since last request: 0.005054 seconds.
  path: Assets/Scenes/MainScene.unity
  artifactKey: Guid(3a7fae7730558744a87c69378a8aa5bb) Importer(815301076,1909f56bfc062723c751e8b465ee728b)
Start importing Assets/Scenes/MainScene.unity using Guid(3a7fae7730558744a87c69378a8aa5bb) Importer(815301076,1909f56bfc062723c751e8b465ee728b)  -> (artifact id: 'cd39c74ca51f57d3e328d5721e6df0fb') in 0.003428 seconds 
  Import took 0.006355 seconds .

========================================================================
Received Prepare
Registering precompiled user dll's ...
Registered in 0.007815 seconds.
Begin MonoManager ReloadAssembly
Native extension for WindowsStandalone target not found
Refreshing native plugins compatible for Editor in 0.67 ms, found 2 plugins.
Preloading 0 native plugins for Editor in 0.00 ms.
Mono: successfully reloaded assembly
- Completed reload, in  0.987 seconds
Domain Reload Profiling:
	ReloadAssembly (987ms)
		BeginReloadAssembly (123ms)
			ExecutionOrderSort (0ms)
			DisableScriptedObjects (4ms)
			BackupInstance (0ms)
			ReleaseScriptingObjects (0ms)
			CreateAndSetChildDomain (35ms)
		EndReloadAssembly (804ms)
			LoadAssemblies (101ms)
			RebuildTransferFunctionScriptingTraits (0ms)
			SetupTypeCache (281ms)
			ReleaseScriptCaches (1ms)
			RebuildScriptCaches (40ms)
			SetupLoadedEditorAssemblies (298ms)
				LogAssemblyErrors (0ms)
				InitializePlatformSupportModulesInManaged (5ms)
				SetLoadedEditorAssemblies (1ms)
				RefreshPlugins (1ms)
				BeforeProcessingInitializeOnLoad (103ms)
				ProcessInitializeOnLoadAttributes (181ms)
				ProcessInitializeOnLoadMethodAttributes (4ms)
				AfterProcessingInitializeOnLoad (2ms)
				EditorAssembliesLoaded (0ms)
			ExecutionOrderSort2 (0ms)
			AwakeInstancesAfterBackupRestoration (7ms)
Platform modules already initialized, skipping
Refreshing native plugins compatible for Editor in 0.67 ms, found 2 plugins.
Preloading 0 native plugins for Editor in 0.00 ms.
Unloading 1501 Unused Serialized files (Serialized files now loaded: 0)
System memory in use before: 121.8 MB.
System memory in use after: 121.5 MB.

Unloading 16 unused Assets to reduce memory usage. Loaded Objects now: 2067.
Total: 3.111000 ms (FindLiveObjects: 0.231700 ms CreateObjectMapping: 0.044100 ms MarkObjects: 2.102400 ms  DeleteObjects: 0.730500 ms)

AssetImportParameters requested are different than current active one (requested -> active):
  custom:framework-win-MediaFoundation: 216162199b28c13a410421893ffa2e32 -> 
  custom:video-decoder-ogg-theora: a1e56fd34408186e4bbccfd4996cb3dc -> 
  custom:container-muxer-webm: aa71ff27fc2769a1b78a27578f13a17b -> 
  custom:container-demuxer-webm: 4f35f7cbe854078d1ac9338744f61a02 -> 
  custom:container-demuxer-ogg: 62fdf1f143b41e24485cea50d1cbac27 -> 
  custom:video-encoder-webm-vp8: eb34c28f22e8b96e1ab97ce403110664 -> 
  custom:video-codec-MediaFoundation-h265: 746d11721c4dcdbdad8f713fa42b33f4 -> 
  custom:video-decoder-webm-vp8: 9c59270c3fd7afecdb556c50c9e8de78 -> 
  custom:audio-decoder-ogg-vorbis: bf7c407c2cedff20999df2af8eb42d56 -> 
  custom:audio-encoder-webm-vorbis: bf7c407c2cedff20999df2af8eb42d56 -> 
========================================================================
Received Prepare
Registering precompiled user dll's ...
Registered in 0.009395 seconds.
Begin MonoManager ReloadAssembly
Native extension for WindowsStandalone target not found
Refreshing native plugins compatible for Editor in 0.75 ms, found 2 plugins.
Preloading 0 native plugins for Editor in 0.00 ms.
Mono: successfully reloaded assembly
- Completed reload, in  1.088 seconds
Domain Reload Profiling:
	ReloadAssembly (1088ms)
		BeginReloadAssembly (144ms)
			ExecutionOrderSort (0ms)
			DisableScriptedObjects (6ms)
			BackupInstance (0ms)
			ReleaseScriptingObjects (0ms)
			CreateAndSetChildDomain (31ms)
		EndReloadAssembly (878ms)
			LoadAssemblies (123ms)
			RebuildTransferFunctionScriptingTraits (0ms)
			SetupTypeCache (284ms)
			ReleaseScriptCaches (1ms)
			RebuildScriptCaches (47ms)
			SetupLoadedEditorAssemblies (329ms)
				LogAssemblyErrors (0ms)
				InitializePlatformSupportModulesInManaged (6ms)
				SetLoadedEditorAssemblies (1ms)
				RefreshPlugins (1ms)
				BeforeProcessingInitializeOnLoad (118ms)
				ProcessInitializeOnLoadAttributes (197ms)
				ProcessInitializeOnLoadMethodAttributes (4ms)
				AfterProcessingInitializeOnLoad (2ms)
				EditorAssembliesLoaded (0ms)
			ExecutionOrderSort2 (0ms)
			AwakeInstancesAfterBackupRestoration (7ms)
Platform modules already initialized, skipping
Refreshing native plugins compatible for Editor in 0.70 ms, found 2 plugins.
Preloading 0 native plugins for Editor in 0.00 ms.
Unloading 1501 Unused Serialized files (Serialized files now loaded: 0)
System memory in use before: 121.8 MB.
System memory in use after: 121.5 MB.

Unloading 16 unused Assets to reduce memory usage. Loaded Objects now: 2070.
Total: 2.972100 ms (FindLiveObjects: 0.250500 ms CreateObjectMapping: 0.045100 ms MarkObjects: 2.232200 ms  DeleteObjects: 0.441800 ms)

AssetImportParameters requested are different than current active one (requested -> active):
  custom:framework-win-MediaFoundation: 216162199b28c13a410421893ffa2e32 -> 
  custom:video-decoder-ogg-theora: a1e56fd34408186e4bbccfd4996cb3dc -> 
  custom:container-muxer-webm: aa71ff27fc2769a1b78a27578f13a17b -> 
  custom:container-demuxer-webm: 4f35f7cbe854078d1ac9338744f61a02 -> 
  custom:container-demuxer-ogg: 62fdf1f143b41e24485cea50d1cbac27 -> 
  custom:video-encoder-webm-vp8: eb34c28f22e8b96e1ab97ce403110664 -> 
  custom:video-codec-MediaFoundation-h265: 746d11721c4dcdbdad8f713fa42b33f4 -> 
  custom:video-decoder-webm-vp8: 9c59270c3fd7afecdb556c50c9e8de78 -> 
  custom:audio-decoder-ogg-vorbis: bf7c407c2cedff20999df2af8eb42d56 -> 
  custom:audio-encoder-webm-vorbis: bf7c407c2cedff20999df2af8eb42d56 -> 
AssetImportWorkerClient::OnTransportError - code=2 error=End of file
