Using pre-set license
Built from '2020.3/staging' branch; Version is '2020.3.14f1 (d0d1bb862f9d) revision 13685179'; Using compiler version '192528614'; Build Type 'Release'
OS: 'Windows 10 Home China; OS build 19042.1526; Version 2009; 64bit' Language: 'zh' Physical Memory: 32173 MB
BatchMode: 1, IsHumanControllingUs: 0, StartBugReporterOnCrash: 0, Is64bit: 1, IsPro: 0

 COMMAND LINE ARGUMENTS:
E:\2020.3.14f1\Editor\Unity.exe
-adb2
-batchMode
-noUpm
-name
AssetImportWorker0
-projectPath
C:/Users/ASUS/Blue4
-logFile
Logs/AssetImportWorker0.log
-srvPort
60418
Successfully changed project path to: C:/Users/ASUS/Blue4
C:/Users/ASUS/Blue4
Using Asset Import Pipeline V2.
Refreshing native plugins compatible for Editor in 49.19 ms, found 2 plugins.
Preloading 0 native plugins for Editor in 0.00 ms.
Initialize engine version: 2020.3.14f1 (d0d1bb862f9d)
[Subsystems] Discovering subsystems at path E:/2020.3.14f1/Editor/Data/Resources/UnitySubsystems
[Subsystems] Discovering subsystems at path C:/Users/ASUS/Blue4/Assets
GfxDevice: creating device client; threaded=0
Direct3D:
    Version:  Direct3D 11.0 [level 11.1]
    Renderer: NVIDIA GeForce RTX 2060 (ID=0x1f15)
    Vendor:   
    VRAM:     5980 MB
    Driver:   30.0.14.9649
Initialize mono
Mono path[0] = 'E:/2020.3.14f1/Editor/Data/Managed'
Mono path[1] = 'E:/2020.3.14f1/Editor/Data/MonoBleedingEdge/lib/mono/unityjit'
Mono config path = 'E:/2020.3.14f1/Editor/Data/MonoBleedingEdge/etc'
Using monoOptions --debugger-agent=transport=dt_socket,embedding=1,server=y,suspend=n,address=127.0.0.1:56804
Begin MonoManager ReloadAssembly
Registering precompiled unity dll's ...
Register platform support module: E:/2020.3.14f1/Editor/Data/PlaybackEngines/WindowsStandaloneSupport/UnityEditor.WindowsStandalone.Extensions.dll
Registered in 0.001016 seconds.
Native extension for WindowsStandalone target not found
Refreshing native plugins compatible for Editor in 48.06 ms, found 2 plugins.
Preloading 0 native plugins for Editor in 0.00 ms.
Mono: successfully reloaded assembly
- Completed reload, in  0.966 seconds
Domain Reload Profiling:
	ReloadAssembly (966ms)
		BeginReloadAssembly (58ms)
			ExecutionOrderSort (0ms)
			DisableScriptedObjects (0ms)
			BackupInstance (0ms)
			ReleaseScriptingObjects (0ms)
			CreateAndSetChildDomain (1ms)
		EndReloadAssembly (369ms)
			LoadAssemblies (58ms)
			RebuildTransferFunctionScriptingTraits (0ms)
			SetupTypeCache (125ms)
			ReleaseScriptCaches (0ms)
			RebuildScriptCaches (30ms)
			SetupLoadedEditorAssemblies (152ms)
				LogAssemblyErrors (0ms)
				InitializePlatformSupportModulesInManaged (3ms)
				SetLoadedEditorAssemblies (0ms)
				RefreshPlugins (48ms)
				BeforeProcessingInitializeOnLoad (8ms)
				ProcessInitializeOnLoadAttributes (68ms)
				ProcessInitializeOnLoadMethodAttributes (25ms)
				AfterProcessingInitializeOnLoad (0ms)
				EditorAssembliesLoaded (0ms)
			ExecutionOrderSort2 (0ms)
			AwakeInstancesAfterBackupRestoration (0ms)
Platform modules already initialized, skipping
Registering precompiled user dll's ...
Registered in 0.007403 seconds.
Begin MonoManager ReloadAssembly
Native extension for WindowsStandalone target not found
Refreshing native plugins compatible for Editor in 0.55 ms, found 2 plugins.
Preloading 0 native plugins for Editor in 0.00 ms.
Mono: successfully reloaded assembly
- Completed reload, in  0.858 seconds
Domain Reload Profiling:
	ReloadAssembly (859ms)
		BeginReloadAssembly (132ms)
			ExecutionOrderSort (0ms)
			DisableScriptedObjects (4ms)
			BackupInstance (0ms)
			ReleaseScriptingObjects (0ms)
			CreateAndSetChildDomain (17ms)
		EndReloadAssembly (676ms)
			LoadAssemblies (86ms)
			RebuildTransferFunctionScriptingTraits (0ms)
			SetupTypeCache (219ms)
			ReleaseScriptCaches (0ms)
			RebuildScriptCaches (38ms)
			SetupLoadedEditorAssemblies (261ms)
				LogAssemblyErrors (0ms)
				InitializePlatformSupportModulesInManaged (4ms)
				SetLoadedEditorAssemblies (0ms)
				RefreshPlugins (1ms)
				BeforeProcessingInitializeOnLoad (91ms)
				ProcessInitializeOnLoadAttributes (160ms)
				ProcessInitializeOnLoadMethodAttributes (4ms)
				AfterProcessingInitializeOnLoad (2ms)
				EditorAssembliesLoaded (0ms)
			ExecutionOrderSort2 (0ms)
			AwakeInstancesAfterBackupRestoration (5ms)
Platform modules already initialized, skipping
========================================================================
Worker process is ready to serve import requests
Launched and connected shader compiler UnityShaderCompiler.exe after 0.13 seconds
Refreshing native plugins compatible for Editor in 0.54 ms, found 2 plugins.
Preloading 0 native plugins for Editor in 0.00 ms.
Unloading 1543 Unused Serialized files (Serialized files now loaded: 0)
System memory in use before: 121.3 MB.
System memory in use after: 121.0 MB.

Unloading 21 unused Assets to reduce memory usage. Loaded Objects now: 1993.
Total: 2.007100 ms (FindLiveObjects: 0.168600 ms CreateObjectMapping: 0.032900 ms MarkObjects: 1.527700 ms  DeleteObjects: 0.276900 ms)

AssetImportParameters requested are different than current active one (requested -> active):
  custom:framework-win-MediaFoundation: 216162199b28c13a410421893ffa2e32 -> 
  custom:video-decoder-ogg-theora: a1e56fd34408186e4bbccfd4996cb3dc -> 
  custom:container-muxer-webm: aa71ff27fc2769a1b78a27578f13a17b -> 
  custom:container-demuxer-webm: 4f35f7cbe854078d1ac9338744f61a02 -> 
  custom:container-demuxer-ogg: 62fdf1f143b41e24485cea50d1cbac27 -> 
  custom:video-encoder-webm-vp8: eb34c28f22e8b96e1ab97ce403110664 -> 
  custom:video-codec-MediaFoundation-h265: 746d11721c4dcdbdad8f713fa42b33f4 -> 
  custom:video-decoder-webm-vp8: 9c59270c3fd7afecdb556c50c9e8de78 -> 
  custom:audio-decoder-ogg-vorbis: bf7c407c2cedff20999df2af8eb42d56 -> 
  custom:audio-encoder-webm-vorbis: bf7c407c2cedff20999df2af8eb42d56 -> 
========================================================================
Received Import Request.
  path: Assets/Scenes/New Scene.unity
  artifactKey: Guid(3cb5fb2fbb3109b409dceb072355160e) Importer(815301076,1909f56bfc062723c751e8b465ee728b)
Start importing Assets/Scenes/New Scene.unity using Guid(3cb5fb2fbb3109b409dceb072355160e) Importer(815301076,1909f56bfc062723c751e8b465ee728b)  -> (artifact id: 'ed1f2d4a293eca75490e3a9add5e845c') in 0.042835 seconds 
  Import took 0.046903 seconds .

========================================================================
Received Import Request.
  Time since last request: 46.118681 seconds.
  path: Assets/Scenes/TestScene.unity
  artifactKey: Guid(3cb5fb2fbb3109b409dceb072355160e) Importer(815301076,1909f56bfc062723c751e8b465ee728b)
Start importing Assets/Scenes/TestScene.unity using Guid(3cb5fb2fbb3109b409dceb072355160e) Importer(815301076,1909f56bfc062723c751e8b465ee728b)  -> (artifact id: '12c0e4fb9459c3237649f52613a42631') in 0.007311 seconds 
  Import took 0.010897 seconds .

========================================================================
Received Import Request.
  Time since last request: 12.915022 seconds.
  path: Assets/Scenes/BattleScene.unity
  artifactKey: Guid(54c39235d7cbbef4a860363c8defe077) Importer(815301076,1909f56bfc062723c751e8b465ee728b)
Start importing Assets/Scenes/BattleScene.unity using Guid(54c39235d7cbbef4a860363c8defe077) Importer(815301076,1909f56bfc062723c751e8b465ee728b)  -> (artifact id: '0c52d150522641d3ecfb6afce6447d41') in 0.008550 seconds 
  Import took 0.011954 seconds .

========================================================================
Received Import Request.
  Time since last request: 1295.795169 seconds.
  path: Assets/RPG Creature Pack.unitypackage
  artifactKey: Guid(99b11e3b6d6700442af2075a7f52015e) Importer(815301076,1909f56bfc062723c751e8b465ee728b)
Start importing Assets/RPG Creature Pack.unitypackage using Guid(99b11e3b6d6700442af2075a7f52015e) Importer(815301076,1909f56bfc062723c751e8b465ee728b)  -> (artifact id: 'ad0010aa01376945468fc0101d965b28') in 0.025371 seconds 
  Import took 0.028394 seconds .

========================================================================
Received Import Request.
  Time since last request: 29.977865 seconds.
  path: Assets/CartoonMonsters/ground.mat
  artifactKey: Guid(d0a1200f104fd6249a6989bcb36a4aec) Importer(815301076,1909f56bfc062723c751e8b465ee728b)
Start importing Assets/CartoonMonsters/ground.mat using Guid(d0a1200f104fd6249a6989bcb36a4aec) Importer(815301076,1909f56bfc062723c751e8b465ee728b)  -> (artifact id: 'ec7ae961d83ec6054cfc5da0504994b9') in 0.236372 seconds 
  Import took 0.239451 seconds .

========================================================================
Received Import Request.
  Time since last request: 12.266024 seconds.
  path: Assets/CartoonMonsters/clawbug
  artifactKey: Guid(2e1aacadeb1543443877665403d3c4f8) Importer(815301076,1909f56bfc062723c751e8b465ee728b)
Start importing Assets/CartoonMonsters/clawbug using Guid(2e1aacadeb1543443877665403d3c4f8) Importer(815301076,1909f56bfc062723c751e8b465ee728b)  -> (artifact id: '0ef8c9fb45f07e06d86c6531444a1c88') in 0.006446 seconds 
  Import took 0.009343 seconds .

========================================================================
Received Import Request.
  Time since last request: 0.121551 seconds.
  path: Assets/CartoonMonsters/clawbug/clawbug.FBX
  artifactKey: Guid(7a49cd43ca4208447bdb4fa0335534a7) Importer(815301076,1909f56bfc062723c751e8b465ee728b)
Start importing Assets/CartoonMonsters/clawbug/clawbug.FBX using Guid(7a49cd43ca4208447bdb4fa0335534a7) Importer(815301076,1909f56bfc062723c751e8b465ee728b)  -> (artifact id: '542a51d149a2df38b7c433d99cc3c643') in 0.198915 seconds 
  Import took 0.201939 seconds .

========================================================================
Received Import Request.
  Time since last request: 0.000272 seconds.
  path: Assets/CartoonMonsters/clawbug/clawbug3.jpg
  artifactKey: Guid(fa5064f9ecd469248b8ba5a9c3debd28) Importer(815301076,1909f56bfc062723c751e8b465ee728b)
Start importing Assets/CartoonMonsters/clawbug/clawbug3.jpg using Guid(fa5064f9ecd469248b8ba5a9c3debd28) Importer(815301076,1909f56bfc062723c751e8b465ee728b)  -> (artifact id: '2fa65bfbd5e3f006bddccbd3600ecea2') in 0.046915 seconds 
  Import took 0.049586 seconds .

========================================================================
Received Import Request.
  Time since last request: 0.000213 seconds.
  path: Assets/CartoonMonsters/clawbug/clawbug2.jpg
  artifactKey: Guid(217916b81e32e2741983e61d1ae6eb33) Importer(815301076,1909f56bfc062723c751e8b465ee728b)
Start importing Assets/CartoonMonsters/clawbug/clawbug2.jpg using Guid(217916b81e32e2741983e61d1ae6eb33) Importer(815301076,1909f56bfc062723c751e8b465ee728b)  -> (artifact id: '6fa8c4f988f536dd57564230dae10082') in 0.013488 seconds 
  Import took 0.016013 seconds .

========================================================================
Received Import Request.
  Time since last request: 0.000211 seconds.
  path: Assets/CartoonMonsters/clawbug/clawbug1.jpg
  artifactKey: Guid(e6795d025f58c3e4fad1b80ac452e81d) Importer(815301076,1909f56bfc062723c751e8b465ee728b)
Start importing Assets/CartoonMonsters/clawbug/clawbug1.jpg using Guid(e6795d025f58c3e4fad1b80ac452e81d) Importer(815301076,1909f56bfc062723c751e8b465ee728b)  -> (artifact id: '23244500601025a855cb6511151ad309') in 0.012352 seconds 
  Import took 0.015188 seconds .

========================================================================
Received Import Request.
  Time since last request: 4.824055 seconds.
  path: Assets/CartoonMonsters/elemental/earth_elemental.jpg
  artifactKey: Guid(a7e31edecb6a13345a9bd14114a6e263) Importer(815301076,1909f56bfc062723c751e8b465ee728b)
Start importing Assets/CartoonMonsters/elemental/earth_elemental.jpg using Guid(a7e31edecb6a13345a9bd14114a6e263) Importer(815301076,1909f56bfc062723c751e8b465ee728b)  -> (artifact id: '10cc4feeb4d5cc17ee42ef4d6deb5bfc') in 0.017757 seconds 
  Import took 0.020971 seconds .

========================================================================
Received Import Request.
  Time since last request: 0.000311 seconds.
  path: Assets/CartoonMonsters/elemental/elemental.FBX
  artifactKey: Guid(cc39858552297984282057ca5acf6c90) Importer(815301076,1909f56bfc062723c751e8b465ee728b)
Start importing Assets/CartoonMonsters/elemental/elemental.FBX using Guid(cc39858552297984282057ca5acf6c90) Importer(815301076,1909f56bfc062723c751e8b465ee728b)  -> (artifact id: '806c79c203c04f290a1d73e1d9e2b8eb') in 0.045674 seconds 
  Import took 0.048859 seconds .

========================================================================
Received Import Request.
  Time since last request: 0.000392 seconds.
  path: Assets/CartoonMonsters/elemental/sand_elemental.jpg
  artifactKey: Guid(901261c62d60e4e47921ca8660aa56d2) Importer(815301076,1909f56bfc062723c751e8b465ee728b)
Start importing Assets/CartoonMonsters/elemental/sand_elemental.jpg using Guid(901261c62d60e4e47921ca8660aa56d2) Importer(815301076,1909f56bfc062723c751e8b465ee728b)  -> (artifact id: '497d735344ae40294a49fabeda8df6e0') in 0.014369 seconds 
  Import took 0.018389 seconds .

========================================================================
Received Import Request.
  Time since last request: 0.000191 seconds.
  path: Assets/CartoonMonsters/elemental/vulcanstone_elemental_wSelfillumOnAlpha.tga
  artifactKey: Guid(46fa25aa746469d43af89affed0cd799) Importer(815301076,1909f56bfc062723c751e8b465ee728b)
Start importing Assets/CartoonMonsters/elemental/vulcanstone_elemental_wSelfillumOnAlpha.tga using Guid(46fa25aa746469d43af89affed0cd799) Importer(815301076,1909f56bfc062723c751e8b465ee728b)  -> (artifact id: 'ae1a6eb7859bf0e77ba76b47198321c8') in 0.022558 seconds 
  Import took 0.025333 seconds .

========================================================================
Received Import Request.
  Time since last request: 0.000200 seconds.
  path: Assets/CartoonMonsters/elemental/vulcanstone_elemental.jpg
  artifactKey: Guid(3eeeadab33a3192499aeb1ca112e7cfb) Importer(815301076,1909f56bfc062723c751e8b465ee728b)
Start importing Assets/CartoonMonsters/elemental/vulcanstone_elemental.jpg using Guid(3eeeadab33a3192499aeb1ca112e7cfb) Importer(815301076,1909f56bfc062723c751e8b465ee728b)  -> (artifact id: 'dcd86b3ad5452f05755f640bd933611a') in 0.014056 seconds 
  Import took 0.016568 seconds .

========================================================================
Received Import Request.
  Time since last request: 0.000190 seconds.
  path: Assets/CartoonMonsters/elemental/earth_elemental_specInAlpha.tga
  artifactKey: Guid(0b83b4f7848f0a24db1c842f663d34c0) Importer(815301076,1909f56bfc062723c751e8b465ee728b)
Start importing Assets/CartoonMonsters/elemental/earth_elemental_specInAlpha.tga using Guid(0b83b4f7848f0a24db1c842f663d34c0) Importer(815301076,1909f56bfc062723c751e8b465ee728b)  -> (artifact id: 'bab7678c1945a0b824d9b651d03bc011') in 0.016157 seconds 
  Import took 0.018699 seconds .

========================================================================
Received Import Request.
  Time since last request: 0.000201 seconds.
  path: Assets/CartoonMonsters/elemental/rock_elemental.jpg
  artifactKey: Guid(85caa489022d5964ca90852cde3cc30c) Importer(815301076,1909f56bfc062723c751e8b465ee728b)
Start importing Assets/CartoonMonsters/elemental/rock_elemental.jpg using Guid(85caa489022d5964ca90852cde3cc30c) Importer(815301076,1909f56bfc062723c751e8b465ee728b)  -> (artifact id: '35dba7609d4d4fd6e4a143754774838c') in 0.015531 seconds 
  Import took 0.018199 seconds .

========================================================================
Received Import Request.
  Time since last request: 0.000237 seconds.
  path: Assets/CartoonMonsters/elemental/earth_elemental_bump.tga
  artifactKey: Guid(b1d7d6e85b3c5534b9a940d579dcb3cf) Importer(815301076,1909f56bfc062723c751e8b465ee728b)
Start importing Assets/CartoonMonsters/elemental/earth_elemental_bump.tga using Guid(b1d7d6e85b3c5534b9a940d579dcb3cf) Importer(815301076,1909f56bfc062723c751e8b465ee728b)  -> (artifact id: '9413f4ffc7d6d773dada0a1b23d75a33') in 0.052357 seconds 
  Import took 0.055267 seconds .

========================================================================
Received Import Request.
  Time since last request: 1.462752 seconds.
  path: Assets/CartoonMonsters/evilSlime/evilSlime.FBX
  artifactKey: Guid(2dab0f64e65013a499a4647b1c39a474) Importer(815301076,1909f56bfc062723c751e8b465ee728b)
Start importing Assets/CartoonMonsters/evilSlime/evilSlime.FBX using Guid(2dab0f64e65013a499a4647b1c39a474) Importer(815301076,1909f56bfc062723c751e8b465ee728b)  -> (artifact id: '0e10c8a07ab24dba916401741a6ed80d') in 0.032688 seconds 
  Import took 0.035582 seconds .

========================================================================
Received Import Request.
  Time since last request: 0.000262 seconds.
  path: Assets/CartoonMonsters/evilSlime/evilSlime_dark.jpg
  artifactKey: Guid(dd46b4290f72ba646a16f463ee6ab00b) Importer(815301076,1909f56bfc062723c751e8b465ee728b)
Start importing Assets/CartoonMonsters/evilSlime/evilSlime_dark.jpg using Guid(dd46b4290f72ba646a16f463ee6ab00b) Importer(815301076,1909f56bfc062723c751e8b465ee728b)  -> (artifact id: '9a34fd6da1d61cd6d42ec8299576495e') in 0.013676 seconds 
  Import took 0.016058 seconds .

========================================================================
Received Import Request.
  Time since last request: 0.000208 seconds.
  path: Assets/CartoonMonsters/evilSlime/evilSlime_light.jpg
  artifactKey: Guid(b71fc9cdb2d12d14b8d204f33f4e5e17) Importer(815301076,1909f56bfc062723c751e8b465ee728b)
Start importing Assets/CartoonMonsters/evilSlime/evilSlime_light.jpg using Guid(b71fc9cdb2d12d14b8d204f33f4e5e17) Importer(815301076,1909f56bfc062723c751e8b465ee728b)  -> (artifact id: '482e83d660f00d91379aab4ed060dcae') in 0.015351 seconds 
  Import took 0.017938 seconds .

========================================================================
Received Import Request.
  Time since last request: 0.000179 seconds.
  path: Assets/CartoonMonsters/evilSlime/evilSlime_green.jpg
  artifactKey: Guid(4dc2acd11a2881b478c85f93cd742cfb) Importer(815301076,1909f56bfc062723c751e8b465ee728b)
Start importing Assets/CartoonMonsters/evilSlime/evilSlime_green.jpg using Guid(4dc2acd11a2881b478c85f93cd742cfb) Importer(815301076,1909f56bfc062723c751e8b465ee728b)  -> (artifact id: 'f63964766ab2de4a6f770ae06add90af') in 0.017802 seconds 
  Import took 0.020452 seconds .

========================================================================
Received Import Request.
  Time since last request: 0.604703 seconds.
  path: Assets/CartoonMonsters/minigolem/minigolem.FBX
  artifactKey: Guid(678eef12d1059044f886c92231847cf0) Importer(815301076,1909f56bfc062723c751e8b465ee728b)
Start importing Assets/CartoonMonsters/minigolem/minigolem.FBX using Guid(678eef12d1059044f886c92231847cf0) Importer(815301076,1909f56bfc062723c751e8b465ee728b)  -> (artifact id: '15fe58d5ff148bfba38fc39e2fc5d5d3') in 0.034167 seconds 
  Import took 0.037830 seconds .

========================================================================
Received Import Request.
  Time since last request: 0.000241 seconds.
  path: Assets/CartoonMonsters/minigolem/minigolem_stone.png
  artifactKey: Guid(9ae11995adc6e984c9a7df1bd1bdb6cc) Importer(815301076,1909f56bfc062723c751e8b465ee728b)
Start importing Assets/CartoonMonsters/minigolem/minigolem_stone.png using Guid(9ae11995adc6e984c9a7df1bd1bdb6cc) Importer(815301076,1909f56bfc062723c751e8b465ee728b)  -> (artifact id: '11b9b84cfe1d14b704652cb93373c641') in 0.016847 seconds 
  Import took 0.019383 seconds .

========================================================================
Received Import Request.
  Time since last request: 0.000180 seconds.
  path: Assets/CartoonMonsters/minigolem/minigolem_clay.png
  artifactKey: Guid(4a528674ee05d454e84eb85d51f29a8c) Importer(815301076,1909f56bfc062723c751e8b465ee728b)
Start importing Assets/CartoonMonsters/minigolem/minigolem_clay.png using Guid(4a528674ee05d454e84eb85d51f29a8c) Importer(815301076,1909f56bfc062723c751e8b465ee728b)  -> (artifact id: 'e3bc32122d21a7765261b5c436b905ff') in 0.014266 seconds 
  Import took 0.016942 seconds .

========================================================================
Received Import Request.
  Time since last request: 0.000195 seconds.
  path: Assets/CartoonMonsters/minigolem/minigolem_bone.png
  artifactKey: Guid(e40be98d252bd834d8895fb2ab01f9c8) Importer(815301076,1909f56bfc062723c751e8b465ee728b)
Start importing Assets/CartoonMonsters/minigolem/minigolem_bone.png using Guid(e40be98d252bd834d8895fb2ab01f9c8) Importer(815301076,1909f56bfc062723c751e8b465ee728b)  -> (artifact id: '587041f79a649f0c3c5d863676fdb431') in 0.016311 seconds 
  Import took 0.018977 seconds .

========================================================================
Received Import Request.
  Time since last request: 0.484092 seconds.
  path: Assets/CartoonMonsters/plant/plant.FBX
  artifactKey: Guid(4770b5dea1b57814da5a982f59d638be) Importer(815301076,1909f56bfc062723c751e8b465ee728b)
Start importing Assets/CartoonMonsters/plant/plant.FBX using Guid(4770b5dea1b57814da5a982f59d638be) Importer(815301076,1909f56bfc062723c751e8b465ee728b)  -> (artifact id: '253a2e276ed6779601595655826e5a22') in 0.120142 seconds 
  Import took 0.123637 seconds .

========================================================================
Received Import Request.
  Time since last request: 0.000699 seconds.
  path: Assets/CartoonMonsters/plant/plantalpha2.tga
  artifactKey: Guid(e89eec56e2a59134898554954e7abc8a) Importer(815301076,1909f56bfc062723c751e8b465ee728b)
Start importing Assets/CartoonMonsters/plant/plantalpha2.tga using Guid(e89eec56e2a59134898554954e7abc8a) Importer(815301076,1909f56bfc062723c751e8b465ee728b)  -> (artifact id: 'bc14117c8f18c2f4da06ffa60829da41') in 0.013159 seconds 
  Import took 0.015803 seconds .

========================================================================
Received Import Request.
  Time since last request: 0.000226 seconds.
  path: Assets/CartoonMonsters/plant/plant1.jpg
  artifactKey: Guid(b02183f579d29704cbd31c62b4a63837) Importer(815301076,1909f56bfc062723c751e8b465ee728b)
Start importing Assets/CartoonMonsters/plant/plant1.jpg using Guid(b02183f579d29704cbd31c62b4a63837) Importer(815301076,1909f56bfc062723c751e8b465ee728b)  -> (artifact id: '4e51b42b901d6afed00a7ce37dd401fa') in 0.013756 seconds 
  Import took 0.016549 seconds .

========================================================================
Received Import Request.
  Time since last request: 0.000212 seconds.
  path: Assets/CartoonMonsters/plant/plantalpha3.tga
  artifactKey: Guid(06f33388d5bb852429d33a0353ed7477) Importer(815301076,1909f56bfc062723c751e8b465ee728b)
Start importing Assets/CartoonMonsters/plant/plantalpha3.tga using Guid(06f33388d5bb852429d33a0353ed7477) Importer(815301076,1909f56bfc062723c751e8b465ee728b)  -> (artifact id: '74fb79a71eec86192b4cc0f4cead41a7') in 0.013296 seconds 
  Import took 0.016236 seconds .

========================================================================
Received Import Request.
  Time since last request: 0.000197 seconds.
  path: Assets/CartoonMonsters/plant/plant4.jpg
  artifactKey: Guid(bf5251888ad4c7f49bc38cafe2ef359c) Importer(815301076,1909f56bfc062723c751e8b465ee728b)
Start importing Assets/CartoonMonsters/plant/plant4.jpg using Guid(bf5251888ad4c7f49bc38cafe2ef359c) Importer(815301076,1909f56bfc062723c751e8b465ee728b)  -> (artifact id: 'e419b39063ea9365bbaad6d9fbb6aa71') in 0.018527 seconds 
  Import took 0.021249 seconds .

========================================================================
Received Import Request.
  Time since last request: 0.000231 seconds.
  path: Assets/CartoonMonsters/plant/plant2.jpg
  artifactKey: Guid(abed8795d77b09541b29e81abfa86106) Importer(815301076,1909f56bfc062723c751e8b465ee728b)
Start importing Assets/CartoonMonsters/plant/plant2.jpg using Guid(abed8795d77b09541b29e81abfa86106) Importer(815301076,1909f56bfc062723c751e8b465ee728b)  -> (artifact id: '345d2c38b621c240538fa32d7b071576') in 0.013237 seconds 
  Import took 0.015797 seconds .

========================================================================
Received Import Request.
  Time since last request: 0.000212 seconds.
  path: Assets/CartoonMonsters/plant/plantalpha1.tga
  artifactKey: Guid(2727961345d862543b610073d4a61d07) Importer(815301076,1909f56bfc062723c751e8b465ee728b)
Start importing Assets/CartoonMonsters/plant/plantalpha1.tga using Guid(2727961345d862543b610073d4a61d07) Importer(815301076,1909f56bfc062723c751e8b465ee728b)  -> (artifact id: 'f2dfb138ddfb8b25d4d391793baf3d12') in 0.015150 seconds 
  Import took 0.018356 seconds .

========================================================================
Received Import Request.
  Time since last request: 0.000205 seconds.
  path: Assets/CartoonMonsters/plant/plantalpha4.tga
  artifactKey: Guid(3e3d294b5816ad3408561fcf4e07f500) Importer(815301076,1909f56bfc062723c751e8b465ee728b)
Start importing Assets/CartoonMonsters/plant/plantalpha4.tga using Guid(3e3d294b5816ad3408561fcf4e07f500) Importer(815301076,1909f56bfc062723c751e8b465ee728b)  -> (artifact id: '314ca57386fef639f6140d8f1fec45e6') in 0.022170 seconds 
  Import took 0.025362 seconds .

========================================================================
Received Import Request.
  Time since last request: 0.000215 seconds.
  path: Assets/CartoonMonsters/plant/plant3.jpg
  artifactKey: Guid(a14f2157bc0d1f6428158740ce7ad4b1) Importer(815301076,1909f56bfc062723c751e8b465ee728b)
Start importing Assets/CartoonMonsters/plant/plant3.jpg using Guid(a14f2157bc0d1f6428158740ce7ad4b1) Importer(815301076,1909f56bfc062723c751e8b465ee728b)  -> (artifact id: '83311802413cafe08b8c0d6efcc52bc9') in 0.014271 seconds 
  Import took 0.017420 seconds .

========================================================================
Received Import Request.
  Time since last request: 0.588958 seconds.
  path: Assets/CartoonMonsters/raptor/raptor.FBX
  artifactKey: Guid(2215861c446d09a4eac85154e92ca93e) Importer(815301076,1909f56bfc062723c751e8b465ee728b)
Start importing Assets/CartoonMonsters/raptor/raptor.FBX using Guid(2215861c446d09a4eac85154e92ca93e) Importer(815301076,1909f56bfc062723c751e8b465ee728b)  -> (artifact id: '630558972df6ddb501baa4fbcb1a21ed') in 0.031644 seconds 
  Import took 0.034977 seconds .

========================================================================
Received Import Request.
  Time since last request: 0.000269 seconds.
  path: Assets/CartoonMonsters/raptor/raptor2.jpg
  artifactKey: Guid(86d95cc3662147242a390a8b7a5c6a9f) Importer(815301076,1909f56bfc062723c751e8b465ee728b)
Start importing Assets/CartoonMonsters/raptor/raptor2.jpg using Guid(86d95cc3662147242a390a8b7a5c6a9f) Importer(815301076,1909f56bfc062723c751e8b465ee728b)  -> (artifact id: '906cd75922b1a001c88ec9613dc3a7c7') in 0.013492 seconds 
  Import took 0.016188 seconds .

========================================================================
Received Import Request.
  Time since last request: 0.000196 seconds.
  path: Assets/CartoonMonsters/raptor/raptor3.jpg
  artifactKey: Guid(8f20e23e2ad82d846b00ad73f86e6a03) Importer(815301076,1909f56bfc062723c751e8b465ee728b)
Start importing Assets/CartoonMonsters/raptor/raptor3.jpg using Guid(8f20e23e2ad82d846b00ad73f86e6a03) Importer(815301076,1909f56bfc062723c751e8b465ee728b)  -> (artifact id: 'ba2bd139d4ffac2b9a0c039397220c5c') in 0.018585 seconds 
  Import took 0.021896 seconds .

========================================================================
Received Import Request.
  Time since last request: 0.000219 seconds.
  path: Assets/CartoonMonsters/raptor/raptor1.jpg
  artifactKey: Guid(5d9a10ad127a9a84cbe7b258ed02fcd7) Importer(815301076,1909f56bfc062723c751e8b465ee728b)
Start importing Assets/CartoonMonsters/raptor/raptor1.jpg using Guid(5d9a10ad127a9a84cbe7b258ed02fcd7) Importer(815301076,1909f56bfc062723c751e8b465ee728b)  -> (artifact id: '5e0a373d9b14e4c9e194e8d26f21623e') in 0.014676 seconds 
  Import took 0.017615 seconds .

========================================================================
Received Import Request.
  Time since last request: 8.645854 seconds.
  path: Assets/CartoonMonsters/slime/slime.FBX
  artifactKey: Guid(b5c7ea7a702c9704486f4543564b8999) Importer(815301076,1909f56bfc062723c751e8b465ee728b)
Start importing Assets/CartoonMonsters/slime/slime.FBX using Guid(b5c7ea7a702c9704486f4543564b8999) Importer(815301076,1909f56bfc062723c751e8b465ee728b)  -> (artifact id: '8a5a925cf74c159260b972653344f726') in 0.041217 seconds 
  Import took 0.045079 seconds .

========================================================================
Received Import Request.
  Time since last request: 0.000230 seconds.
  path: Assets/CartoonMonsters/slime/slime2.jpg
  artifactKey: Guid(fc571437e19eacf448af643d91d7f1e0) Importer(815301076,1909f56bfc062723c751e8b465ee728b)
Start importing Assets/CartoonMonsters/slime/slime2.jpg using Guid(fc571437e19eacf448af643d91d7f1e0) Importer(815301076,1909f56bfc062723c751e8b465ee728b)  -> (artifact id: 'f6baa8d0026f416a4b83c12af2a59203') in 0.013348 seconds 
  Import took 0.016460 seconds .

========================================================================
Received Import Request.
  Time since last request: 0.000208 seconds.
  path: Assets/CartoonMonsters/slime/slime4.jpg
  artifactKey: Guid(be651bc3a314050458c5f821e80d5b1f) Importer(815301076,1909f56bfc062723c751e8b465ee728b)
Start importing Assets/CartoonMonsters/slime/slime4.jpg using Guid(be651bc3a314050458c5f821e80d5b1f) Importer(815301076,1909f56bfc062723c751e8b465ee728b)  -> (artifact id: 'aa01aa9d4b47bdc0d6d8353571035eb9') in 0.016681 seconds 
  Import took 0.019814 seconds .

========================================================================
Received Import Request.
  Time since last request: 0.000211 seconds.
  path: Assets/CartoonMonsters/slime/slime1.jpg
  artifactKey: Guid(810a9be8169da414b8c39bfa387a819b) Importer(815301076,1909f56bfc062723c751e8b465ee728b)
Start importing Assets/CartoonMonsters/slime/slime1.jpg using Guid(810a9be8169da414b8c39bfa387a819b) Importer(815301076,1909f56bfc062723c751e8b465ee728b)  -> (artifact id: '349da468452b77db8788642ebcc78945') in 0.016457 seconds 
  Import took 0.019061 seconds .

========================================================================
Received Import Request.
  Time since last request: 0.000208 seconds.
  path: Assets/CartoonMonsters/slime/slime3.jpg
  artifactKey: Guid(d1cce60b814386840a4735565c927922) Importer(815301076,1909f56bfc062723c751e8b465ee728b)
Start importing Assets/CartoonMonsters/slime/slime3.jpg using Guid(d1cce60b814386840a4735565c927922) Importer(815301076,1909f56bfc062723c751e8b465ee728b)  -> (artifact id: '48c63a6b1831e950f4186662aea615e4') in 0.014345 seconds 
  Import took 0.017422 seconds .

========================================================================
Received Import Request.
  Time since last request: 14.534475 seconds.
  path: Assets/CartoonMonsters/turtle/turtle.FBX
  artifactKey: Guid(f607020047a85154482fdeb083de8521) Importer(815301076,1909f56bfc062723c751e8b465ee728b)
Start importing Assets/CartoonMonsters/turtle/turtle.FBX using Guid(f607020047a85154482fdeb083de8521) Importer(815301076,1909f56bfc062723c751e8b465ee728b)  -> (artifact id: 'ff7fc689da7b703864e214468478e038') in 0.030189 seconds 
  Import took 0.033439 seconds .

========================================================================
Received Import Request.
  Time since last request: 0.000299 seconds.
  path: Assets/CartoonMonsters/turtle/turtle3.jpg
  artifactKey: Guid(dcdc199230e676b479567c9106ef84e1) Importer(815301076,1909f56bfc062723c751e8b465ee728b)
Start importing Assets/CartoonMonsters/turtle/turtle3.jpg using Guid(dcdc199230e676b479567c9106ef84e1) Importer(815301076,1909f56bfc062723c751e8b465ee728b)  -> (artifact id: 'a8f3b961369c4e1460b726c102e84785') in 0.016303 seconds 
  Import took 0.019534 seconds .

========================================================================
Received Import Request.
  Time since last request: 0.000179 seconds.
  path: Assets/CartoonMonsters/turtle/turtle1.jpg
  artifactKey: Guid(e7211e1e678e78b44b6c30e4a0d0e39e) Importer(815301076,1909f56bfc062723c751e8b465ee728b)
Start importing Assets/CartoonMonsters/turtle/turtle1.jpg using Guid(e7211e1e678e78b44b6c30e4a0d0e39e) Importer(815301076,1909f56bfc062723c751e8b465ee728b)  -> (artifact id: 'e3323fff9701f1a959306446fbeba24b') in 0.014241 seconds 
  Import took 0.017669 seconds .

========================================================================
Received Import Request.
  Time since last request: 0.000199 seconds.
  path: Assets/CartoonMonsters/turtle/turtle2.jpg
  artifactKey: Guid(fb61769a9067ddf48a81c65b44f0e0e6) Importer(815301076,1909f56bfc062723c751e8b465ee728b)
Start importing Assets/CartoonMonsters/turtle/turtle2.jpg using Guid(fb61769a9067ddf48a81c65b44f0e0e6) Importer(815301076,1909f56bfc062723c751e8b465ee728b)  -> (artifact id: '10dac5b66bd760cc6bcf087ae7c2ab79') in 0.017882 seconds 
  Import took 0.020448 seconds .

========================================================================
Received Import Request.
  Time since last request: 2.778907 seconds.
  path: Assets/CartoonMonsters/wasp/wasp.FBX
  artifactKey: Guid(68515d19b52409b41b82d926d4bec48c) Importer(815301076,1909f56bfc062723c751e8b465ee728b)
Start importing Assets/CartoonMonsters/wasp/wasp.FBX using Guid(68515d19b52409b41b82d926d4bec48c) Importer(815301076,1909f56bfc062723c751e8b465ee728b)  -> (artifact id: 'c159c450ef275b8a9282e5981cd006d3') in 0.101582 seconds 
  Import took 0.104505 seconds .

========================================================================
Received Import Request.
  Time since last request: 0.000262 seconds.
  path: Assets/CartoonMonsters/wasp/wasp2.jpg
  artifactKey: Guid(45d0c3ec95840774aa76c7a18c141b42) Importer(815301076,1909f56bfc062723c751e8b465ee728b)
Start importing Assets/CartoonMonsters/wasp/wasp2.jpg using Guid(45d0c3ec95840774aa76c7a18c141b42) Importer(815301076,1909f56bfc062723c751e8b465ee728b)  -> (artifact id: '01585ff6cc3c54eb404782a095f2774d') in 0.011269 seconds 
  Import took 0.013826 seconds .

========================================================================
Received Import Request.
  Time since last request: 0.000222 seconds.
  path: Assets/CartoonMonsters/wasp/wasp3.jpg
  artifactKey: Guid(20009259aad6deb49b17f3b08e297166) Importer(815301076,1909f56bfc062723c751e8b465ee728b)
Start importing Assets/CartoonMonsters/wasp/wasp3.jpg using Guid(20009259aad6deb49b17f3b08e297166) Importer(815301076,1909f56bfc062723c751e8b465ee728b)  -> (artifact id: '8ccb4ac2deff4b32597e4eac862b0b23') in 0.012881 seconds 
  Import took 0.015897 seconds .

========================================================================
Received Import Request.
  Time since last request: 0.000205 seconds.
  path: Assets/CartoonMonsters/wasp/waspwing1.tga
  artifactKey: Guid(ff7683a67e066f745a3a5c234614e248) Importer(815301076,1909f56bfc062723c751e8b465ee728b)
Start importing Assets/CartoonMonsters/wasp/waspwing1.tga using Guid(ff7683a67e066f745a3a5c234614e248) Importer(815301076,1909f56bfc062723c751e8b465ee728b)  -> (artifact id: '2d87aaf38e8f5da7ac051823eac9a7f1') in 0.012467 seconds 
  Import took 0.015347 seconds .

========================================================================
Received Import Request.
  Time since last request: 0.000178 seconds.
  path: Assets/CartoonMonsters/wasp/waspwing2.tga
  artifactKey: Guid(6366cb6a0cb4597458a6a145ed3ec063) Importer(815301076,1909f56bfc062723c751e8b465ee728b)
Start importing Assets/CartoonMonsters/wasp/waspwing2.tga using Guid(6366cb6a0cb4597458a6a145ed3ec063) Importer(815301076,1909f56bfc062723c751e8b465ee728b)  -> (artifact id: 'bfdd4d97b3ef48d1c5ee232abde8df22') in 0.012337 seconds 
  Import took 0.014855 seconds .

========================================================================
Received Import Request.
  Time since last request: 0.000271 seconds.
  path: Assets/CartoonMonsters/wasp/waspwing3.tga
  artifactKey: Guid(bd4b09b97a4920c43b19299a92e0570d) Importer(815301076,1909f56bfc062723c751e8b465ee728b)
Start importing Assets/CartoonMonsters/wasp/waspwing3.tga using Guid(bd4b09b97a4920c43b19299a92e0570d) Importer(815301076,1909f56bfc062723c751e8b465ee728b)  -> (artifact id: '3d3da33a39ff6a33d6ec232f8fc48fde') in 0.011519 seconds 
  Import took 0.015013 seconds .

========================================================================
Received Import Request.
  Time since last request: 0.000194 seconds.
  path: Assets/CartoonMonsters/wasp/wasp1.jpg
  artifactKey: Guid(9108dfe7c050e6f4eab0691f0080444e) Importer(815301076,1909f56bfc062723c751e8b465ee728b)
Start importing Assets/CartoonMonsters/wasp/wasp1.jpg using Guid(9108dfe7c050e6f4eab0691f0080444e) Importer(815301076,1909f56bfc062723c751e8b465ee728b)  -> (artifact id: '5fcd72fe973f8d1c85587b94b7a0c9c6') in 0.011441 seconds 
  Import took 0.014544 seconds .

========================================================================
Received Import Request.
  Time since last request: 6.949033 seconds.
  path: Assets/CartoonMonsters/turtle/Materials
  artifactKey: Guid(a9d81dd7d23cbad4ab585c9841213bcf) Importer(815301076,1909f56bfc062723c751e8b465ee728b)
Start importing Assets/CartoonMonsters/turtle/Materials using Guid(a9d81dd7d23cbad4ab585c9841213bcf) Importer(815301076,1909f56bfc062723c751e8b465ee728b)  -> (artifact id: '77293c427d2ef98ccce39ef139bc9b82') in 0.007212 seconds 
  Import took 0.010304 seconds .

========================================================================
Received Import Request.
  Time since last request: 0.065648 seconds.
  path: Assets/CartoonMonsters/turtle/Materials/turtle1.mat
  artifactKey: Guid(9cbe2005ba045134faf3f24533d0c89b) Importer(815301076,1909f56bfc062723c751e8b465ee728b)
Start importing Assets/CartoonMonsters/turtle/Materials/turtle1.mat using Guid(9cbe2005ba045134faf3f24533d0c89b) Importer(815301076,1909f56bfc062723c751e8b465ee728b)  -> (artifact id: '73601a6b8389fcad21105f5a2c57028b') in 0.012949 seconds 
  Import took 0.016720 seconds .

========================================================================
Received Import Request.
  Time since last request: 0.000259 seconds.
  path: Assets/CartoonMonsters/turtle/Materials/turtle3.mat
  artifactKey: Guid(2922a18913429094598695ec5ee714a5) Importer(815301076,1909f56bfc062723c751e8b465ee728b)
Start importing Assets/CartoonMonsters/turtle/Materials/turtle3.mat using Guid(2922a18913429094598695ec5ee714a5) Importer(815301076,1909f56bfc062723c751e8b465ee728b)  -> (artifact id: '638d874f74e7b3770930ffe70ecbe569') in 0.014950 seconds 
  Import took 0.017798 seconds .

========================================================================
Received Import Request.
  Time since last request: 0.000210 seconds.
  path: Assets/CartoonMonsters/turtle/Materials/turtle2.mat
  artifactKey: Guid(72416e2bc12ce8a45ad870859333f979) Importer(815301076,1909f56bfc062723c751e8b465ee728b)
Start importing Assets/CartoonMonsters/turtle/Materials/turtle2.mat using Guid(72416e2bc12ce8a45ad870859333f979) Importer(815301076,1909f56bfc062723c751e8b465ee728b)  -> (artifact id: '75b8cf85b7fea571d09feec581d0ae4c') in 0.013430 seconds 
  Import took 0.016311 seconds .

========================================================================
Received Import Request.
  Time since last request: 9.928481 seconds.
  path: Assets/CartoonMonsters/cartoonmonsters_DANCESCENE.unity
  artifactKey: Guid(d41b4b3c3d5483d42ab1f8de03606a39) Importer(815301076,1909f56bfc062723c751e8b465ee728b)
Start importing Assets/CartoonMonsters/cartoonmonsters_DANCESCENE.unity using Guid(d41b4b3c3d5483d42ab1f8de03606a39) Importer(815301076,1909f56bfc062723c751e8b465ee728b)  -> (artifact id: '5bffacb2bfb928eae37248ac44d85b97') in 0.008194 seconds 
  Import took 0.012210 seconds .

========================================================================
Received Import Request.
  Time since last request: 2.795915 seconds.
  path: Assets/CartoonMonsters/cartoonmonsters_scene.unity
  artifactKey: Guid(c1a93623a6c05ff4ca04f285d4178295) Importer(815301076,1909f56bfc062723c751e8b465ee728b)
Start importing Assets/CartoonMonsters/cartoonmonsters_scene.unity using Guid(c1a93623a6c05ff4ca04f285d4178295) Importer(815301076,1909f56bfc062723c751e8b465ee728b)  -> (artifact id: '312b01ac9487dc3290a4620d18fdee6e') in 0.006991 seconds 
  Import took 0.010145 seconds .

========================================================================
Received Import Request.
  Time since last request: 82.270931 seconds.
  path: Assets/CartoonMonsters/elemental
  artifactKey: Guid(e83f257efb23fd14e81be006f3577b95) Importer(815301076,1909f56bfc062723c751e8b465ee728b)
Start importing Assets/CartoonMonsters/elemental using Guid(e83f257efb23fd14e81be006f3577b95) Importer(815301076,1909f56bfc062723c751e8b465ee728b)  -> (artifact id: 'e6579d5e42acf41b580e6053e2409ad4') in 0.003676 seconds 
  Import took 0.007670 seconds .

========================================================================
Received Import Request.
  Time since last request: 0.000416 seconds.
  path: Assets/CartoonMonsters/elemental
  artifactKey: Guid(e83f257efb23fd14e81be006f3577b95) Importer(815301076,1909f56bfc062723c751e8b465ee728b)
Start importing Assets/CartoonMonsters/elemental using Guid(e83f257efb23fd14e81be006f3577b95) Importer(815301076,1909f56bfc062723c751e8b465ee728b)  -> (artifact id: 'e6579d5e42acf41b580e6053e2409ad4') in 0.003440 seconds 
  Import took 0.005967 seconds .

========================================================================
Received Import Request.
  Time since last request: 83.953555 seconds.
  path: Assets/Scenes/BattleScene.unity
  artifactKey: Guid(54c39235d7cbbef4a860363c8defe077) Importer(815301076,1909f56bfc062723c751e8b465ee728b)
Start importing Assets/Scenes/BattleScene.unity using Guid(54c39235d7cbbef4a860363c8defe077) Importer(815301076,1909f56bfc062723c751e8b465ee728b)  -> (artifact id: 'ef0a3562ffe98b1e369045ef7c83cd47') in 0.003713 seconds 
  Import took 0.006589 seconds .

========================================================================
Received Import Request.
  Time since last request: 421.225340 seconds.
  path: Assets/Standard Assets/PhysicsMaterials/Bouncy.physicmaterial
  artifactKey: Guid(9f93f63d068b08c459038c40fce897d8) Importer(815301076,1909f56bfc062723c751e8b465ee728b)
Start importing Assets/Standard Assets/PhysicsMaterials/Bouncy.physicmaterial using Guid(9f93f63d068b08c459038c40fce897d8) Importer(815301076,1909f56bfc062723c751e8b465ee728b)  -> (artifact id: '1e07dac7eeb90c2b85db4c636021be61') in 0.015458 seconds 
  Import took 0.018881 seconds .

========================================================================
Received Import Request.
  Time since last request: 0.265330 seconds.
  path: Assets/Standard Assets/PhysicsMaterials/Ice.physicmaterial
  artifactKey: Guid(ba92fb44336020f40bdf294bb66bc9da) Importer(815301076,1909f56bfc062723c751e8b465ee728b)
Start importing Assets/Standard Assets/PhysicsMaterials/Ice.physicmaterial using Guid(ba92fb44336020f40bdf294bb66bc9da) Importer(815301076,1909f56bfc062723c751e8b465ee728b)  -> (artifact id: 'c5704ee759da82a3b18d79a7bf7ec4c1') in 0.011865 seconds 
  Import took 0.014821 seconds .

========================================================================
Received Import Request.
  Time since last request: 0.000290 seconds.
  path: Assets/Standard Assets/PhysicsMaterials/Rubber.physicmaterial
  artifactKey: Guid(52baaeb214519f347a35cf0edfd262ff) Importer(815301076,1909f56bfc062723c751e8b465ee728b)
Start importing Assets/Standard Assets/PhysicsMaterials/Rubber.physicmaterial using Guid(52baaeb214519f347a35cf0edfd262ff) Importer(815301076,1909f56bfc062723c751e8b465ee728b)  -> (artifact id: 'f7501e48520fda56fa95be1ce472ef1b') in 0.012183 seconds 
  Import took 0.015335 seconds .

========================================================================
Received Import Request.
  Time since last request: 0.000206 seconds.
  path: Assets/Standard Assets/PhysicsMaterials/Wood.physicmaterial
  artifactKey: Guid(3aeb7dadc0c69d54d9e5777e9d5631f1) Importer(815301076,1909f56bfc062723c751e8b465ee728b)
Start importing Assets/Standard Assets/PhysicsMaterials/Wood.physicmaterial using Guid(3aeb7dadc0c69d54d9e5777e9d5631f1) Importer(815301076,1909f56bfc062723c751e8b465ee728b)  -> (artifact id: '21f7c58829fdefed9c4f2fe7abce39cb') in 0.011854 seconds 
  Import took 0.014893 seconds .

========================================================================
Received Import Request.
  Time since last request: 0.000214 seconds.
  path: Assets/Standard Assets/PhysicsMaterials/ZeroFriction.physicMaterial
  artifactKey: Guid(c2815a7ab32e42c4bb42f59caacb8ec1) Importer(815301076,1909f56bfc062723c751e8b465ee728b)
Start importing Assets/Standard Assets/PhysicsMaterials/ZeroFriction.physicMaterial using Guid(c2815a7ab32e42c4bb42f59caacb8ec1) Importer(815301076,1909f56bfc062723c751e8b465ee728b)  -> (artifact id: 'dfe4c84a5153d5e5896b44c224dd6011') in 0.013755 seconds 
  Import took 0.016594 seconds .

========================================================================
Received Import Request.
  Time since last request: 0.000204 seconds.
  path: Assets/Standard Assets/PhysicsMaterials/MaxFriction.physicMaterial
  artifactKey: Guid(e52fb17f9b1e7fd48b8955f1391d3688) Importer(815301076,1909f56bfc062723c751e8b465ee728b)
Start importing Assets/Standard Assets/PhysicsMaterials/MaxFriction.physicMaterial using Guid(e52fb17f9b1e7fd48b8955f1391d3688) Importer(815301076,1909f56bfc062723c751e8b465ee728b)  -> (artifact id: '4e220d6d0c0c2b342814daf20f7242e3') in 0.012278 seconds 
  Import took 0.014741 seconds .

========================================================================
Received Import Request.
  Time since last request: 0.000216 seconds.
  path: Assets/Standard Assets/PhysicsMaterials/Metal.physicmaterial
  artifactKey: Guid(01571ba68fb2dad46aa03094ab219579) Importer(815301076,1909f56bfc062723c751e8b465ee728b)
Start importing Assets/Standard Assets/PhysicsMaterials/Metal.physicmaterial using Guid(01571ba68fb2dad46aa03094ab219579) Importer(815301076,1909f56bfc062723c751e8b465ee728b)  -> (artifact id: '761090554541bae1aad8ab42e9161b3a') in 0.012731 seconds 
  Import took 0.015372 seconds .

========================================================================
Received Import Request.
  Time since last request: 0.002220 seconds.
  path: Assets/Standard Assets/PhysicsMaterials/Metal.physicmaterial
  artifactKey: Guid(01571ba68fb2dad46aa03094ab219579) Importer(815301076,1909f56bfc062723c751e8b465ee728b)
Start importing Assets/Standard Assets/PhysicsMaterials/Metal.physicmaterial using Guid(01571ba68fb2dad46aa03094ab219579) Importer(815301076,1909f56bfc062723c751e8b465ee728b)  -> (artifact id: '761090554541bae1aad8ab42e9161b3a') in 0.004400 seconds 
  Import took 0.007933 seconds .

========================================================================
Received Import Request.
  Time since last request: 8.970317 seconds.
  path: Assets/Standard Assets/Utility/Prefabs
  artifactKey: Guid(b43a4ef15621158419a2b639f7a98245) Importer(815301076,1909f56bfc062723c751e8b465ee728b)
Start importing Assets/Standard Assets/Utility/Prefabs using Guid(b43a4ef15621158419a2b639f7a98245) Importer(815301076,1909f56bfc062723c751e8b465ee728b)  -> (artifact id: 'bcff79e35641baf43c286a50be3312a1') in 0.007236 seconds 
  Import took 0.010407 seconds .

========================================================================
Received Import Request.
  Time since last request: 0.000599 seconds.
  path: Assets/Standard Assets/Utility/Prefabs
  artifactKey: Guid(b43a4ef15621158419a2b639f7a98245) Importer(815301076,1909f56bfc062723c751e8b465ee728b)
Start importing Assets/Standard Assets/Utility/Prefabs using Guid(b43a4ef15621158419a2b639f7a98245) Importer(815301076,1909f56bfc062723c751e8b465ee728b)  -> (artifact id: 'bcff79e35641baf43c286a50be3312a1') in 0.003543 seconds 
  Import took 0.005955 seconds .

========================================================================
Received Import Request.
  Time since last request: 0.049812 seconds.
  path: Assets/Standard Assets/Utility/Prefabs/FramerateCounter.prefab
  artifactKey: Guid(81154777d5417884981849c5243f6c01) Importer(815301076,1909f56bfc062723c751e8b465ee728b)
Start importing Assets/Standard Assets/Utility/Prefabs/FramerateCounter.prefab using Guid(81154777d5417884981849c5243f6c01) Importer(815301076,1909f56bfc062723c751e8b465ee728b)  -> (artifact id: '962cc8861a16075b03a53c256be8ab3a') in 0.032559 seconds 
  Import took 0.069251 seconds .

========================================================================
Received Import Request.
  Time since last request: 15.912155 seconds.
  path: Assets/Standard Assets/Characters/ThirdPersonCharacter
  artifactKey: Guid(8912f13e18e67bc478684ec30d73bc64) Importer(815301076,1909f56bfc062723c751e8b465ee728b)
Start importing Assets/Standard Assets/Characters/ThirdPersonCharacter using Guid(8912f13e18e67bc478684ec30d73bc64) Importer(815301076,1909f56bfc062723c751e8b465ee728b)  -> (artifact id: '14bd6db113c90d538aa80feb572bdcdf') in 0.007544 seconds 
  Import took 0.010406 seconds .

========================================================================
Received Import Request.
  Time since last request: 3.070348 seconds.
  path: Assets/Standard Assets/Characters/ThirdPersonCharacter/Prefabs
  artifactKey: Guid(e09f07f9be24b2d4180a74a671348b5b) Importer(815301076,1909f56bfc062723c751e8b465ee728b)
Start importing Assets/Standard Assets/Characters/ThirdPersonCharacter/Prefabs using Guid(e09f07f9be24b2d4180a74a671348b5b) Importer(815301076,1909f56bfc062723c751e8b465ee728b)  -> (artifact id: 'a66588e5acb1baa710144d1cb6ae39a7') in 0.003336 seconds 
  Import took 0.005788 seconds .

========================================================================
Received Import Request.
  Time since last request: 0.070170 seconds.
  path: Assets/Standard Assets/Characters/ThirdPersonCharacter/Prefabs/AIThirdPersonController.prefab
  artifactKey: Guid(54eb5844754051b40a918a84c33b7c1a) Importer(815301076,1909f56bfc062723c751e8b465ee728b)
Start importing Assets/Standard Assets/Characters/ThirdPersonCharacter/Prefabs/AIThirdPersonController.prefab using Guid(54eb5844754051b40a918a84c33b7c1a) Importer(815301076,1909f56bfc062723c751e8b465ee728b)  -> (artifact id: '7424e4bdc50fca3e0410b6b9374033da') in 0.622557 seconds 
  Import took 0.628752 seconds .

========================================================================
Received Import Request.
  Time since last request: 0.000217 seconds.
  path: Assets/Standard Assets/Characters/ThirdPersonCharacter/Prefabs/ThirdPersonController.prefab
  artifactKey: Guid(7737647c22c1fc64a88d5cd030c352ce) Importer(815301076,1909f56bfc062723c751e8b465ee728b)
Start importing Assets/Standard Assets/Characters/ThirdPersonCharacter/Prefabs/ThirdPersonController.prefab using Guid(7737647c22c1fc64a88d5cd030c352ce) Importer(815301076,1909f56bfc062723c751e8b465ee728b)  -> (artifact id: '67881adcd298aec8def0cc79a92fd764') in 0.065905 seconds 
  Import took 0.070899 seconds .

========================================================================
Received Prepare
Registering precompiled user dll's ...
Registered in 0.006841 seconds.
Begin MonoManager ReloadAssembly
Native extension for WindowsStandalone target not found
Refreshing native plugins compatible for Editor in 0.58 ms, found 2 plugins.
Preloading 0 native plugins for Editor in 0.00 ms.
Mono: successfully reloaded assembly
- Completed reload, in  0.842 seconds
Domain Reload Profiling:
	ReloadAssembly (843ms)
		BeginReloadAssembly (119ms)
			ExecutionOrderSort (0ms)
			DisableScriptedObjects (3ms)
			BackupInstance (0ms)
			ReleaseScriptingObjects (0ms)
			CreateAndSetChildDomain (27ms)
		EndReloadAssembly (669ms)
			LoadAssemblies (99ms)
			RebuildTransferFunctionScriptingTraits (0ms)
			SetupTypeCache (222ms)
			ReleaseScriptCaches (1ms)
			RebuildScriptCaches (33ms)
			SetupLoadedEditorAssemblies (247ms)
				LogAssemblyErrors (0ms)
				InitializePlatformSupportModulesInManaged (4ms)
				SetLoadedEditorAssemblies (0ms)
				RefreshPlugins (1ms)
				BeforeProcessingInitializeOnLoad (86ms)
				ProcessInitializeOnLoadAttributes (150ms)
				ProcessInitializeOnLoadMethodAttributes (3ms)
				AfterProcessingInitializeOnLoad (2ms)
				EditorAssembliesLoaded (0ms)
			ExecutionOrderSort2 (0ms)
			AwakeInstancesAfterBackupRestoration (5ms)
Platform modules already initialized, skipping
Refreshing native plugins compatible for Editor in 0.56 ms, found 2 plugins.
Preloading 0 native plugins for Editor in 0.00 ms.
Unloading 1503 Unused Serialized files (Serialized files now loaded: 0)
System memory in use before: 136.1 MB.
System memory in use after: 135.8 MB.

Unloading 16 unused Assets to reduce memory usage. Loaded Objects now: 2047.
Total: 2.728400 ms (FindLiveObjects: 0.234000 ms CreateObjectMapping: 0.066300 ms MarkObjects: 2.138300 ms  DeleteObjects: 0.288300 ms)

AssetImportParameters requested are different than current active one (requested -> active):
  custom:framework-win-MediaFoundation: 216162199b28c13a410421893ffa2e32 -> 
  custom:video-decoder-ogg-theora: a1e56fd34408186e4bbccfd4996cb3dc -> 
  custom:container-muxer-webm: aa71ff27fc2769a1b78a27578f13a17b -> 
  custom:container-demuxer-webm: 4f35f7cbe854078d1ac9338744f61a02 -> 
  custom:container-demuxer-ogg: 62fdf1f143b41e24485cea50d1cbac27 -> 
  custom:video-encoder-webm-vp8: eb34c28f22e8b96e1ab97ce403110664 -> 
  custom:video-codec-MediaFoundation-h265: 746d11721c4dcdbdad8f713fa42b33f4 -> 
  custom:video-decoder-webm-vp8: 9c59270c3fd7afecdb556c50c9e8de78 -> 
  custom:audio-decoder-ogg-vorbis: bf7c407c2cedff20999df2af8eb42d56 -> 
  custom:audio-encoder-webm-vorbis: bf7c407c2cedff20999df2af8eb42d56 -> 
AssetImportWorkerClient::OnTransportError - code=2 error=End of file
